<?xml version="1.0" encoding="utf-8"?><testsuites name="pytest tests"><testsuite name="pytest" errors="0" failures="0" skipped="0" tests="1012" time="16.464" timestamp="2026-07-21T17:13:40.039150-03:00" hostname="David_0110"><testcase classname="tests.test_anbima_ettj" name="test_parse_vertice_com_separador_de_milhar" time="0.001" /><testcase classname="tests.test_anbima_ettj" name="test_parse_taxa_virgula_decimal" time="0.001" /><testcase classname="tests.test_anbima_ettj" name="test_parse_csv_extrai_data_e_vertices_do_arquivo_real" time="0.006" /><testcase classname="tests.test_anbima_ettj" name="test_parse_csv_corpo_nao_reconhecido_devolve_none" time="0.000" /><testcase classname="tests.test_anbima_ettj" name="test_ensure_snapshot_persiste_curvas_do_dia_real" time="0.087" /><testcase classname="tests.test_anbima_ettj" name="test_ensure_snapshot_inflacao_implicita_so_na_linha_ipca" time="0.042" /><testcase classname="tests.test_anbima_ettj" name="test_ensure_snapshot_cria_fonte_anbima_com_data" time="0.038" /><testcase classname="tests.test_anbima_ettj" name="test_ensure_snapshot_data_explicita_faz_uma_unica_requisicao" time="0.043" /><testcase classname="tests.test_anbima_ettj" name="test_ensure_snapshot_idempotente_nao_duplica" time="0.083" /><testcase classname="tests.test_anbima_ettj" name="test_regressao_acha_ultimo_dia_util_pulando_fim_de_semana" time="0.043" /><testcase classname="tests.test_anbima_ettj" name="test_regressao_comeca_na_sexta_quando_hoje_e_sabado" time="0.044" /><testcase classname="tests.test_anbima_ettj" name="test_regressao_tolera_status_http_nao_200" time="0.046" /><testcase classname="tests.test_anbima_ettj" name="test_regressao_limitada_abstem_sem_dado_em_todos_os_candidatos" time="0.008" /><testcase classname="tests.test_anbima_ettj" name="test_data_do_arquivo_vence_a_data_pedida" time="0.049" /><testcase classname="tests.test_anbima_ettj" name="test_trava_tos_assinatura_nao_aceita_intervalo_de_datas" time="0.001" /><testcase classname="tests.test_anbima_ettj" name="test_trava_tos_documentada_no_modulo_e_na_funcao" time="0.001" /><testcase classname="tests.test_anbima_ettj" name="test_layout_sem_tabela_de_vertices_alarma_e_abstem" time="0.007" /><testcase classname="tests.test_anbima_ettj" name="test_layout_cabecalho_renomeado_alarma_e_abstem" time="0.005" /><testcase classname="tests.test_anbima_ettj" name="test_sem_tabela_curva_snapshot_degrada_para_abstencao" time="0.008" /><testcase classname="tests.test_aneel" name="test_parse_valor_brl_formatos_do_siget" time="0.001" /><testcase classname="tests.test_aneel" name="test_parse_ciclo_do_datref" time="0.001" /><testcase classname="tests.test_aneel" name="test_ensure_rap_persiste_agregado_real_do_grupo" time="0.021" /><testcase classname="tests.test_aneel" name="test_ensure_rap_cria_fonte_aneel_com_atribuicao" time="0.021" /><testcase classname="tests.test_aneel" name="test_metodologia_declara_criterio_do_mapa_curado" time="0.022" /><testcase classname="tests.test_aneel" name="test_ensure_rap_pagina_ate_o_total" time="0.020" /><testcase classname="tests.test_aneel" name="test_ensure_rap_idempotente_nao_duplica" time="0.032" /><testcase classname="tests.test_aneel" name="test_ensure_rap_atualiza_valor_no_mesmo_ciclo" time="0.010" /><testcase classname="tests.test_aneel" name="test_soma_somente_vigentes_do_ciclo_mais_recente" time="0.009" /><testcase classname="tests.test_aneel" name="test_grupo_sem_registro_vigente_abstem" time="0.005" /><testcase classname="tests.test_aneel" name="test_ticker_fora_do_mapa_devolve_none_sem_tocar_a_rede" time="0.005" /><testcase classname="tests.test_aneel" name="test_cnpj_fora_do_mapa_abstem_com_alarme" time="0.007" /><testcase classname="tests.test_aneel" name="test_valor_malformado_no_ciclo_alvo_abstem" time="0.008" /><testcase classname="tests.test_aneel" name="test_zero_registros_para_o_grupo_abstem" time="0.006" /><testcase classname="tests.test_aneel" name="test_resposta_sem_success_true_abstem" time="0.009" /><testcase classname="tests.test_aneel" name="test_resposta_nao_json_abstem" time="0.006" /><testcase classname="tests.test_aneel" name="test_http_nao_200_sem_historico_abstem" time="0.008" /><testcase classname="tests.test_aneel" name="test_fonte_fora_do_ar_devolve_ultimo_agregado_persistido" time="0.020" /><testcase classname="tests.test_aneel" name="test_sem_tabela_setor_indicadores_degrada_para_abstencao" time="0.017" /><testcase classname="tests.test_ativos_precisa_ingest" name="test_acao_precisa_ingest_true_sem_fundamento" time="0.012" /><testcase classname="tests.test_ativos_precisa_ingest" name="test_acao_precisa_ingest_true_com_fundamento_sem_preco" time="0.016" /><testcase classname="tests.test_ativos_precisa_ingest" name="test_acao_precisa_ingest_true_com_fundamento_e_preco_stale" time="0.014" /><testcase classname="tests.test_ativos_precisa_ingest" name="test_acao_precisa_ingest_false_com_tudo_fresco" time="0.016" /><testcase classname="tests.test_ativos_precisa_ingest" name="test_acao_precisa_ingest_false_sem_ticker_nao_verifica_preco" time="0.012" /><testcase classname="tests.test_ativos_precisa_ingest" name="test_fii_precisa_ingest_true_sem_indicador" time="0.013" /><testcase classname="tests.test_ativos_precisa_ingest" name="test_fii_precisa_ingest_true_com_indicador_sem_preco" time="0.018" /><testcase classname="tests.test_ativos_precisa_ingest" name="test_fii_precisa_ingest_true_com_indicador_e_preco_stale" time="0.014" /><testcase classname="tests.test_ativos_precisa_ingest" name="test_fii_precisa_ingest_false_com_tudo_fresco" time="0.016" /><testcase classname="tests.test_ativos_precisa_ingest" name="test_rf_precisa_ingest_true_sem_titulo" time="0.009" /><testcase classname="tests.test_ativos_precisa_ingest" name="test_rf_precisa_ingest_true_com_titulo_fresco_sem_snapshot_anbima" time="0.013" /><testcase classname="tests.test_ativos_precisa_ingest" name="test_rf_precisa_ingest_true_com_titulo_stale" time="0.015" /><testcase classname="tests.test_ativos_precisa_ingest" name="test_rf_precisa_ingest_false_com_tudo_fresco" time="0.014" /><testcase classname="tests.test_avaliacao" name="test_tese_limpa_aprova" time="0.002" /><testcase classname="tests.test_avaliacao" name="test_conta_receita_de_venda_nao_e_falso_positivo" time="0.002" /><testcase classname="tests.test_avaliacao" name="test_disclaimer_nao_e_violacao" time="0.001" /><testcase classname="tests.test_avaliacao" name="test_recomendacao_explicita_reprova" time="0.001" /><testcase classname="tests.test_avaliacao" name="test_recomendacao_multi_idioma_reprova[## S\xedntese\nOur rating for this stock is a Strong Buy.]" time="0.001" /><testcase classname="tests.test_avaliacao" name="test_recomendacao_multi_idioma_reprova[## S\xedntese\nWe set a target price of R$ 45.]" time="0.001" /><testcase classname="tests.test_avaliacao" name="test_recomendacao_multi_idioma_reprova[## S\xedntese\nInvestors, you should buy PETR4 now.]" time="0.001" /><testcase classname="tests.test_avaliacao" name="test_recomendacao_multi_idioma_reprova[## S\xedntese\nWe recommend a buy rating on the shares.]" time="0.001" /><testcase classname="tests.test_avaliacao" name="test_recomendacao_multi_idioma_reprova[## S\xedntese\nAccumulate the position at current levels.]" time="0.001" /><testcase classname="tests.test_avaliacao" name="test_recomendacao_multi_idioma_reprova[## S\xedntese\nPrice target: R$ 50. Rating: Buy.]" time="0.001" /><testcase classname="tests.test_avaliacao" name="test_recomendacao_multi_idioma_reprova[## S\xedntese\nNossa recomenda\xe7\xe3o de compra permanece.]" time="0.001" /><testcase classname="tests.test_avaliacao" name="test_recomendacao_multi_idioma_reprova[## S\xedntese\nSugiro adquirir as a\xe7\xf5es agora.]" time="0.002" /><testcase classname="tests.test_avaliacao" name="test_recomendacao_multi_idioma_reprova[## S\xedntese\nAloque capital neste ativo.]" time="0.001" /><testcase classname="tests.test_avaliacao" name="test_termos_legitimos_nao_sao_falso_positivo[## Fundamentos\nA holding controla 60% das a\xe7\xf5es ordin\xe1rias.]" time="0.001" /><testcase classname="tests.test_avaliacao" name="test_termos_legitimos_nao_sao_falso_positivo[## Pares\nCompar\xe1vel: Household International (relat\xf3rio anual).]" time="0.001" /><testcase classname="tests.test_avaliacao" name="test_termos_legitimos_nao_sao_falso_positivo[## Macro\nO IPCA acumulado no ano foi de 4,2% (BCB).]" time="0.001" /><testcase classname="tests.test_avaliacao" name="test_termos_legitimos_nao_sao_falso_positivo[## Fundamentos\nReceita de Venda de Bens e/ou Servi\xe7os: R$ 497,5 bi.]" time="0.001" /><testcase classname="tests.test_avaliacao" name="test_sem_citacao_reprova" time="0.001" /><testcase classname="tests.test_avaliacao" name="test_fonte_sem_url_reprova" time="0.002" /><testcase classname="tests.test_avaliacao" name="test_verbos_direcionais_de_research_reprovam" time="0.004" /><testcase classname="tests.test_avaliacao" name="test_termos_contabeis_nao_sao_falso_positivo" time="0.002" /><testcase classname="tests.test_avaliacao" name="test_recomendacao_na_mesma_linha_do_disclaimer_nao_escapa" time="0.001" /><testcase classname="tests.test_avaliacao" name="test_cobertura_baixa_reprova_aprovacao" time="0.001" /><testcase classname="tests.test_avaliacao" name="test_cobertura_deduplica_fontes_repetidas_por_url_descricao" time="0.001" /><testcase classname="tests.test_avaliacao" name="test_evento_geopolitico_sem_hedge_bloqueia" time="0.001" /><testcase classname="tests.test_avaliacao" name="test_evento_geopolitico_com_hedge_passa" time="0.001" /><testcase classname="tests.test_avaliacao" name="test_disclaimer_geopolitico_de_negacao_nao_e_falso_positivo" time="0.001" /><testcase classname="tests.test_avaliacao" name="test_disclaimer_geopolitico_nao_ha_dado_nao_e_falso_positivo" time="0.001" /><testcase classname="tests.test_avaliacao" name="test_evento_geopolitico_duro_sem_negacao_ainda_bloqueia" time="0.001" /><testcase classname="tests.test_avaliacao" name="test_negacao_de_duvida_com_evento_duro_ainda_bloqueia" time="0.001" /><testcase classname="tests.test_avaliacao" name="test_negacao_de_um_evento_nao_exime_afirmacao_de_outro" time="0.001" /><testcase classname="tests.test_avaliacao" name="test_markdown_sem_h2_geopolitica_bloqueia" time="0.001" /><testcase classname="tests.test_avaliacao" name="test_markdown_sem_secao_lacunas_bloqueia" time="0.001" /><testcase classname="tests.test_avaliacao" name="test_secoes_universais_presentes_nao_bloqueiam" time="0.001" /><testcase classname="tests.test_avaliacao" name="test_imperativos_por_classe_bloqueiam[## S\xedntese\nTrave a taxa antes da pr\xf3xima reuni\xe3o do Copom.-renda_fixa]" time="0.001" /><testcase classname="tests.test_avaliacao" name="test_imperativos_por_classe_bloqueiam[## S\xedntese\nAdquira cotas do fundo neste patamar.-fii]" time="0.001" /><testcase classname="tests.test_avaliacao" name="test_imperativos_por_classe_bloqueiam[## S\xedntese\nVoc\xea deve alocar em prefixados agora.-renda_fixa]" time="0.001" /><testcase classname="tests.test_avaliacao" name="test_imperativos_por_classe_bloqueiam[## S\xedntese\nSugiro carregar o t\xedtulo at\xe9 o vencimento.-renda_fixa]" time="0.001" /><testcase classname="tests.test_avaliacao" name="test_imperativos_por_classe_bloqueiam[## S\xedntese\nSubscreva cotas na pr\xf3xima emiss\xe3o.-fii]" time="0.001" /><testcase classname="tests.test_avaliacao" name="test_imperativos_por_classe_bloqueiam[## S\xedntese\nRecomendo resgatar o t\xedtulo hoje.-renda_fixa]" time="0.001" /><testcase classname="tests.test_avaliacao" name="test_imperativos_por_classe_bloqueiam[## S\xedntese\nAconselho travar a taxa nominal.-renda_fixa]" time="0.001" /><testcase classname="tests.test_avaliacao" name="test_linguagem_factual_multiativo_nao_bloqueia[## Renda fixa\nTaxa Venda Manh\xe3: 13,25% (Tesouro Transparente, Data Base 07/07/2026).-renda_fixa]" time="0.001" /><testcase classname="tests.test_avaliacao" name="test_linguagem_factual_multiativo_nao_bloqueia[## Renda fixa\nCaso o investidor resgate o t\xedtulo antes do vencimento, h\xe1 marca\xe7\xe3o a mercado.-renda_fixa]" time="0.001" /><testcase classname="tests.test_avaliacao" name="test_linguagem_factual_multiativo_nao_bloqueia[## Mandato\nO mandato permite que o fundo invista em CRI.-fii]" time="0.001" /><testcase classname="tests.test_avaliacao" name="test_linguagem_factual_multiativo_nao_bloqueia[## Renda fixa\nO resgate antecipado implica marca\xe7\xe3o a mercado.-renda_fixa]" time="0.001" /><testcase classname="tests.test_avaliacao" name="test_linguagem_factual_multiativo_nao_bloqueia[## Im\xf3veis\nVac\xe2ncia ponderada por \xe1rea: 3,2% (informe trimestral CVM).-fii]" time="0.002" /><testcase classname="tests.test_avaliacao" name="test_linguagem_factual_multiativo_nao_bloqueia[## Indicadores\nDY mensal do informe (auto-declarado): 0,66%.-fii]" time="0.001" /><testcase classname="tests.test_avaliacao" name="test_linguagem_factual_multiativo_nao_bloqueia[## Juros\nProxy da curva soberana via Tesouro prefixado: 13,1% (2029).-renda_fixa]" time="0.001" /><testcase classname="tests.test_avaliacao" name="test_linguagem_factual_multiativo_nao_bloqueia[## Regras\nPor regra CVM, o fundo deve investir ao menos 67% em im\xf3veis.-fii]" time="0.001" /><testcase classname="tests.test_avaliacao" name="test_termos_vetados_com_numero_bloqueiam[## Juros\nCurva DI: 12,5% para 2027.-renda_fixa]" time="0.001" /><testcase classname="tests.test_avaliacao" name="test_termos_vetados_com_numero_bloqueiam[## Juros\nA curva DI precifica 12,5% no vencimento 2027.-acao]" time="0.001" /><testcase classname="tests.test_avaliacao" name="test_termos_vetados_com_numero_bloqueiam[## Infla\xe7\xe3o\nInfla\xe7\xe3o impl\xedcita: 6,2% ao ano.-renda_fixa]" time="0.001" /><testcase classname="tests.test_avaliacao" name="test_termos_vetados_com_numero_bloqueiam[## Solidez\n\xcdndice de Basileia: 14,8%.-acao]" time="0.001" /><testcase classname="tests.test_avaliacao" name="test_termos_vetados_com_numero_bloqueiam[## Solidez\nO \xedndice de Basileia do banco \xe9 14,8%.-banco]" time="0.001" /><testcase classname="tests.test_avaliacao" name="test_termos_vetados_com_numero_bloqueiam[## Valuation\nP/VP: 0,92 \u2014 desconto sobre o valor patrimonial.-fii]" time="0.001" /><testcase classname="tests.test_avaliacao" name="test_termos_vetados_com_numero_bloqueiam[## Indicadores\nDividend yield anualizado: 8,1%.-fii]" time="0.001" /><testcase classname="tests.test_avaliacao" name="test_termos_vetados_com_numero_bloqueiam[## Indicadores\nDY a mercado: 9,0%.-fii]" time="0.001" /><testcase classname="tests.test_avaliacao" name="test_termos_vetados_com_numero_bloqueiam[## Indicadores\nDY do informe anualizado: 8,0%.-fii]" time="0.001" /><testcase classname="tests.test_avaliacao" name="test_pvp_com_numero_fora_de_fii_nao_bloqueia" time="0.001" /><testcase classname="tests.test_avaliacao" name="test_curva_di_sem_numero_como_lacuna_nao_bloqueia" time="0.001" /><testcase classname="tests.test_avaliacao" name="test_curva_di_com_proxy_no_mesmo_periodo_nao_bloqueia" time="0.001" /><testcase classname="tests.test_avaliacao" name="test_termos_vetados_funcao_pura_positivos_e_negativos" time="0.001" /><testcase classname="tests.test_avaliacao" name="test_ano_de_referencia_nao_bloqueia_lacuna_legitima_m4a" time="0.001" /><testcase classname="tests.test_avaliacao" name="test_data_dd_mm_aaaa_nao_conta_como_numero_de_claim_m4a" time="0.001" /><testcase classname="tests.test_avaliacao" name="test_numero_antes_do_termo_na_mesma_frase_bloqueia_m4b" time="0.001" /><testcase classname="tests.test_avaliacao" name="test_dy_do_informe_com_ressalva_negada_nao_bloqueia" time="0.002" /><testcase classname="tests.test_avaliacao" name="test_dy_anualizado_sem_negacao_segue_vetado" time="0.001" /><testcase classname="tests.test_avaliacao" name="test_dy_a_preco_de_mercado_sem_negacao_e_vetado" time="0.001" /><testcase classname="tests.test_avaliacao" name="test_redteam_negacao_retorica_nao_blinda_dy" time="0.001" /><testcase classname="tests.test_avaliacao" name="test_dy_ressalva_parafraseada_nao_representa_nao_bloqueia" time="0.001" /><testcase classname="tests.test_avaliacao" name="test_redteam_vp_dy_so_descontado_em_contexto_de_elo" time="0.001" /><testcase classname="tests.test_avaliacao" name="test_redteam_v21_rotulo_posterior_nao_isenta" time="0.001" /><testcase classname="tests.test_avaliacao" name="test_redteam_v21_quebras_ampliadas_vetam" time="0.001" /><testcase classname="tests.test_avaliacao" name="test_redteam_v21_continuacao_com_numero_negativo_e_mesmo_periodo" time="0.001" /><testcase classname="tests.test_avaliacao" name="test_fp_latentes_ressalvas_parafraseadas_nao_bloqueiam" time="0.001" /><testcase classname="tests.test_avaliacao" name="test_dy_nao_devendo_ser_anualizado_nao_bloqueia" time="0.002" /><testcase classname="tests.test_avaliacao" name="test_dy_sem_anualizar_rotulado_nao_bloqueia" time="0.001" /><testcase classname="tests.test_avaliacao" name="test_cdi_anualizado_sem_dy_nao_vira_veto" time="0.000" /><testcase classname="tests.test_avaliacao" name="test_sem_anualizar_nao_protege_dy_a_mercado" time="0.001" /><testcase classname="tests.test_avaliacao" name="test_controles_dy_seguem_vetando_apos_caveat_sem_anualizar" time="0.001" /><testcase classname="tests.test_avaliacao" name="test_gerundio_retorico_nao_blinda_claim" time="0.001" /><testcase classname="tests.test_avaliacao" name="test_elo_vp_dy_com_forca_nao_bloqueia" time="0.001" /><testcase classname="tests.test_avaliacao" name="test_subjuntivo_terminado_em_sem_nao_cria_ressalva_espuria_b1" time="0.001" /><testcase classname="tests.test_avaliacao" name="test_cdi_anualizado_no_periodo_nao_derruba_isencao_do_dy_fp1" time="0.001" /><testcase classname="tests.test_avaliacao" name="test_elipse_de_mercado_na_ressalva_nao_bloqueia_fp2" time="0.001" /><testcase classname="tests.test_avaliacao" name="test_vendessem_a_mercado_segue_quebrando_isencao" time="0.001" /><testcase classname="tests.test_avaliacao" name="test_abreviacao_e_acento_espurio_de_anualizado_b2" time="0.001" /><testcase classname="tests.test_avaliacao" name="test_numero_em_linha_seguinte_de_bullet_quebrado_bloqueia_m4c" time="0.001" /><testcase classname="tests.test_avaliacao" name="test_bullets_distintos_nao_se_fundem_no_check_m4c" time="0.001" /><testcase classname="tests.test_avaliacao" name="test_tokens_de_classe_ausentes_derrubam_aprovado_sem_bloquear" time="0.001" /><testcase classname="tests.test_avaliacao" name="test_tokens_de_classe_presentes_nao_derrubam" time="0.001" /><testcase classname="tests.test_avaliacao" name="test_tokens_de_classe_nao_afetam_acao" time="0.001" /><testcase classname="tests.test_avaliacao" name="test_faithfulness_piso_derruba_aprovado_de_classe_nova_sem_bloquear" time="0.001" /><testcase classname="tests.test_avaliacao" name="test_faithfulness_piso_nao_muda_comportamento_de_acao" time="0.001" /><testcase classname="tests.test_avaliacao_gate_v3" name="test_a5_texto_livre_novo_bloqueia_linguagem_de_recomendacao" time="0.001" /><testcase classname="tests.test_avaliacao_gate_v3" name="test_a5_texto_livre_novo_real_da_f3_passa" time="0.022" /><testcase classname="tests.test_avaliacao_gate_v3" name="test_a1_consenso_dentro_da_secao_sem_condicoes_bloqueia[alvo_inventado]" time="0.001" /><testcase classname="tests.test_avaliacao_gate_v3" name="test_a1_consenso_dentro_da_secao_sem_condicoes_bloqueia[atribuicao_ausente]" time="0.001" /><testcase classname="tests.test_avaliacao_gate_v3" name="test_a1_consenso_dentro_da_secao_sem_condicoes_bloqueia[consenso_sem_veiculo]" time="0.001" /><testcase classname="tests.test_avaliacao_gate_v3" name="test_a1_consenso_dentro_da_secao_sem_condicoes_bloqueia[marcador_nao_reconhecido]" time="0.001" /><testcase classname="tests.test_avaliacao_gate_v3" name="test_a1_consenso_dentro_da_secao_sem_condicoes_bloqueia[numero_nao_casado_parafrase]" time="0.001" /><testcase classname="tests.test_avaliacao_gate_v3" name="test_a1_consenso_dentro_da_secao_sem_condicoes_bloqueia[ingles_sem_atribuicao_pt]" time="0.002" /><testcase classname="tests.test_avaliacao_gate_v3" name="test_a1_consenso_dentro_da_secao_sem_condicoes_bloqueia[rating_sem_atribuicao]" time="0.002" /><testcase classname="tests.test_avaliacao_gate_v3" name="test_a1_preco_alvo_fora_da_secao_bloqueia_sem_excecao" time="0.002" /><testcase classname="tests.test_avaliacao_gate_v3" name="test_a1_sem_bloco_consenso_no_envelope_carveout_nunca_dispara" time="0.002" /><testcase classname="tests.test_avaliacao_gate_v3" name="test_a1_consenso_atribuido_e_casado_passa[canonico]" time="0.002" /><testcase classname="tests.test_avaliacao_gate_v3" name="test_a1_consenso_atribuido_e_casado_passa[parafrase_conforme]" time="0.002" /><testcase classname="tests.test_avaliacao_gate_v3" name="test_a1_consenso_atribuido_e_casado_passa[parafrase_visao_rating]" time="0.002" /><testcase classname="tests.test_avaliacao_gate_v3" name="test_a1_consenso_atribuido_e_casado_passa[marcador_para_o]" time="0.001" /><testcase classname="tests.test_avaliacao_gate_v3" name="test_a1_multiplos_itens_de_consenso_cada_um_casa_o_seu" time="0.001" /><testcase classname="tests.test_avaliacao_gate_v3" name="test_r12_numero_sem_atribuicao_pure_function" time="0.000" /><testcase classname="tests.test_avaliacao_gate_v3" name="test_a2_basileia_sem_citacao_correspondente_bloqueia" time="0.000" /><testcase classname="tests.test_avaliacao_gate_v3" name="test_a2_basileia_com_citacao_ifdata_relaxa" time="0.001" /><testcase classname="tests.test_avaliacao_gate_v3" name="test_a2_inflacao_implicita_sem_citacao_bloqueia" time="0.001" /><testcase classname="tests.test_avaliacao_gate_v3" name="test_a2_inflacao_implicita_com_citacao_anbima_relaxa" time="0.000" /><testcase classname="tests.test_avaliacao_gate_v3" name="test_a2_pvp_fii_sem_citacao_bloqueia" time="0.000" /><testcase classname="tests.test_avaliacao_gate_v3" name="test_a2_pvp_fii_com_citacao_cotahist_relaxa" time="0.000" /><testcase classname="tests.test_avaliacao_gate_v3" name="test_a3_dy_a_mercado_sem_citacao_bloqueia" time="0.001" /><testcase classname="tests.test_avaliacao_gate_v3" name="test_a3_dy_a_mercado_com_citacao_cotahist_relaxa" time="0.001" /><testcase classname="tests.test_avaliacao_gate_v3" name="test_a3_dy_do_informe_e_dy_a_mercado_coexistem_na_mesma_frase" time="0.001" /><testcase classname="tests.test_avaliacao_gate_v3" name="test_a3_dy_do_informe_isolado_continua_isento_como_antes" time="0.000" /><testcase classname="tests.test_avaliacao_gate_v3" name="test_r10_tecnica_como_conselho_bloqueia[O RSI indica compra no curto prazo.]" time="0.001" /><testcase classname="tests.test_avaliacao_gate_v3" name="test_r10_tecnica_como_conselho_bloqueia[Cruzamento dourado \u2014 hora de comprar.]" time="0.001" /><testcase classname="tests.test_avaliacao_gate_v3" name="test_r10_tecnica_como_conselho_bloqueia[A m\xe9dia m\xf3vel de 200 sinaliza momento de compra.]" time="0.001" /><testcase classname="tests.test_avaliacao_gate_v3" name="test_r10_tecnica_como_conselho_bloqueia[Rompeu o Fibonacci \u2014 ponto de entrada.]" time="0.001" /><testcase classname="tests.test_avaliacao_gate_v3" name="test_r10_tecnica_como_conselho_bloqueia[MACD cruzou a zero, momento de venda.]" time="0.001" /><testcase classname="tests.test_avaliacao_gate_v3" name="test_r10_tecnica_como_conselho_bloqueia[Estoc\xe1stico em zona de sobrevenda: sinal de compra.]" time="0.001" /><testcase classname="tests.test_avaliacao_gate_v3" name="test_r10_tecnica_como_conselho_bloqueia[The RSI signals a buy here.]" time="0.001" /><testcase classname="tests.test_avaliacao_gate_v3" name="test_r10_tecnica_como_conselho_bloqueia[Golden cross detected, time to buy.]" time="0.001" /><testcase classname="tests.test_avaliacao_gate_v3" name="test_r10_leituras_reais_de_tecnica_py_nao_bloqueiam" time="0.022" /><testcase classname="tests.test_avaliacao_gate_v3" name="test_r10_descritivo_puro_com_sobrecompra_sobrevenda_nao_bloqueia" time="0.001" /><testcase classname="tests.test_avaliacao_gate_v3" name="test_r11_valuation_como_alvo_bloqueia[Valor justo de R$ 42,00, compre abaixo disso.]" time="0.002" /><testcase classname="tests.test_avaliacao_gate_v3" name="test_r11_valuation_como_alvo_bloqueia[Pre\xe7o justo de R$ 55,00 \u2014 aproveite a oportunidade.]" time="0.001" /><testcase classname="tests.test_avaliacao_gate_v3" name="test_r11_valuation_como_alvo_bloqueia[O valor intr\xednseco supera o pre\xe7o atual \u2014 oportunidade de compra clara.]" time="0.001" /><testcase classname="tests.test_avaliacao_gate_v3" name="test_r11_valuation_como_alvo_bloqueia[Com desconto de 20% sobre o valor justo, momento de entrada no papel.]" time="0.001" /><testcase classname="tests.test_avaliacao_gate_v3" name="test_r11_uso_contabil_sem_diretiva_nao_bloqueia[Os ativos s\xe3o avaliados a valor justo, acima de R$ 2 bilh\xf5es no balan\xe7o.]" time="0.001" /><testcase classname="tests.test_avaliacao_gate_v3" name="test_r11_uso_contabil_sem_diretiva_nao_bloqueia[O passivo est\xe1 reconhecido a valor justo, abaixo de R$ 500 milh\xf5es.]" time="0.001" /><testcase classname="tests.test_avaliacao_gate_v3" name="test_r11_uso_contabil_sem_diretiva_nao_bloqueia[O valor intr\xednseco estimado sob as premissas do cen\xe1rio base \xe9 de R$ 40,00.]" time="0.001" /><testcase classname="tests.test_avaliacao_gate_v3" name="test_r11_uso_contabil_sem_diretiva_nao_bloqueia[O pre\xe7o justo cont\xe1bil dos instrumentos financeiros consta da nota explicativa.]" time="0.001" /><testcase classname="tests.test_avaliacao_gate_v3" name="test_r11_template_real_de_valuation_fii_nao_bloqueia" time="0.001" /><testcase classname="tests.test_avaliacao_gate_v3" name="test_r11_template_real_de_valuation_acao_gordon_nao_bloqueia" time="0.001" /><testcase classname="tests.test_avaliacao_gate_v3" name="test_aviso_valuation_nao_colide_com_veto_de_preco_alvo" time="0.001" /><testcase classname="tests.test_avaliacao_gate_v3" name="test_hotfix2_a_dy_mercado_no_texto_livre_novo_nao_bloqueia" time="0.001" /><testcase classname="tests.test_avaliacao_gate_v3" name="test_hotfix2_b_dy_mercado_no_markdown_sem_citacao_continua_bloqueando" time="0.001" /><testcase classname="tests.test_avaliacao_gate_v3" name="test_hotfix2_c_diretiva_no_texto_livre_novo_continua_bloqueando" time="0.001" /><testcase classname="tests.test_avaliacao_gate_v3" name="test_hotfix2_d_basileia_no_texto_livre_novo_aprovado_no_markdown_bloqueia" time="0.001" /><testcase classname="tests.test_avaliacao_gate_v3" name="test_hotfix3_a_frases_vivas_com_metrica_no_envelope_aprovadas[frase_1_pontos]" time="0.001" /><testcase classname="tests.test_avaliacao_gate_v3" name="test_hotfix3_a_frases_vivas_com_metrica_no_envelope_aprovadas[frase_2_fracao]" time="0.001" /><testcase classname="tests.test_avaliacao_gate_v3" name="test_hotfix3_a_frases_vivas_com_metrica_no_envelope_aprovadas[frase_3_janela_iso]" time="0.002" /><testcase classname="tests.test_avaliacao_gate_v3" name="test_hotfix3_b_mesma_frase_sem_metrica_no_envelope_continua_bloqueando[frase_1_pontos]" time="0.002" /><testcase classname="tests.test_avaliacao_gate_v3" name="test_hotfix3_b_mesma_frase_sem_metrica_no_envelope_continua_bloqueando[frase_2_fracao]" time="0.001" /><testcase classname="tests.test_avaliacao_gate_v3" name="test_hotfix3_b_mesma_frase_sem_metrica_no_envelope_continua_bloqueando[frase_3_janela_iso]" time="0.002" /><testcase classname="tests.test_avaliacao_gate_v3" name="test_hotfix3_c_metrica_com_valor_diferente_nao_ancora" time="0.001" /><testcase classname="tests.test_avaliacao_gate_v3" name="test_hotfix3_d_valor_fracao_tambem_ancora" time="0.001" /><testcase classname="tests.test_avaliacao_gate_v3" name="test_hotfix3_e_lavagem_com_metrica_real_e_numero_fabricado_continua_bloqueando" time="0.001" /><testcase classname="tests.test_avaliacao_gate_v3" name="test_hotfix3_f_data_iso_e_janela_nao_contam_como_numero_de_claim" time="0.002" /><testcase classname="tests.test_avaliacao_redteam_v3" name="test_redteam_v3[R10-01]" time="0.001" /><testcase classname="tests.test_avaliacao_redteam_v3" name="test_redteam_v3[R10-02]" time="0.002" /><testcase classname="tests.test_avaliacao_redteam_v3" name="test_redteam_v3[R10-03]" time="0.002" /><testcase classname="tests.test_avaliacao_redteam_v3" name="test_redteam_v3[R10-04]" time="0.002" /><testcase classname="tests.test_avaliacao_redteam_v3" name="test_redteam_v3[R10-05]" time="0.001" /><testcase classname="tests.test_avaliacao_redteam_v3" name="test_redteam_v3[R10-06]" time="0.001" /><testcase classname="tests.test_avaliacao_redteam_v3" name="test_redteam_v3[R10-07]" time="0.001" /><testcase classname="tests.test_avaliacao_redteam_v3" name="test_redteam_v3[R10-08]" time="0.002" /><testcase classname="tests.test_avaliacao_redteam_v3" name="test_redteam_v3[R10-09]" time="0.002" /><testcase classname="tests.test_avaliacao_redteam_v3" name="test_redteam_v3[R10-10]" time="0.001" /><testcase classname="tests.test_avaliacao_redteam_v3" name="test_redteam_v3[R10-11]" time="0.002" /><testcase classname="tests.test_avaliacao_redteam_v3" name="test_redteam_v3[R10-12]" time="0.002" /><testcase classname="tests.test_avaliacao_redteam_v3" name="test_redteam_v3[R11-01]" time="0.002" /><testcase classname="tests.test_avaliacao_redteam_v3" name="test_redteam_v3[R11-02]" time="0.002" /><testcase classname="tests.test_avaliacao_redteam_v3" name="test_redteam_v3[R11-03]" time="0.002" /><testcase classname="tests.test_avaliacao_redteam_v3" name="test_redteam_v3[R11-04]" time="0.002" /><testcase classname="tests.test_avaliacao_redteam_v3" name="test_redteam_v3[R11-05]" time="0.002" /><testcase classname="tests.test_avaliacao_redteam_v3" name="test_redteam_v3[REC-01]" time="0.002" /><testcase classname="tests.test_avaliacao_redteam_v3" name="test_redteam_v3[REC-02]" time="0.002" /><testcase classname="tests.test_avaliacao_redteam_v3" name="test_redteam_v3[REC-03]" time="0.002" /><testcase classname="tests.test_avaliacao_redteam_v3" name="test_redteam_v3[REC-04]" time="0.002" /><testcase classname="tests.test_avaliacao_redteam_v3" name="test_redteam_v3[REC-05]" time="0.002" /><testcase classname="tests.test_avaliacao_redteam_v3" name="test_redteam_v3[REC-06]" time="0.002" /><testcase classname="tests.test_avaliacao_redteam_v3" name="test_redteam_v3[REC-07]" time="0.002" /><testcase classname="tests.test_avaliacao_redteam_v3" name="test_redteam_v3[REC-08]" time="0.002" /><testcase classname="tests.test_avaliacao_redteam_v3" name="test_redteam_v3[REC-09]" time="0.002" /><testcase classname="tests.test_avaliacao_redteam_v3" name="test_redteam_v3[REC-10]" time="0.002" /><testcase classname="tests.test_avaliacao_redteam_v3" name="test_redteam_v3[REC-11]" time="0.002" /><testcase classname="tests.test_avaliacao_redteam_v3" name="test_redteam_v3[REC-12]" time="0.001" /><testcase classname="tests.test_avaliacao_redteam_v3" name="test_redteam_v3[REC-13]" time="0.002" /><testcase classname="tests.test_avaliacao_redteam_v3" name="test_redteam_v3[REC-14]" time="0.002" /><testcase classname="tests.test_avaliacao_redteam_v3" name="test_redteam_v3[REC-15]" time="0.002" /><testcase classname="tests.test_avaliacao_redteam_v3" name="test_redteam_v3[REC-16]" time="0.002" /><testcase classname="tests.test_avaliacao_redteam_v3" name="test_redteam_v3[REC-17]" time="0.002" /><testcase classname="tests.test_avaliacao_redteam_v3" name="test_redteam_v3[TERMO-01]" time="0.002" /><testcase classname="tests.test_avaliacao_redteam_v3" name="test_redteam_v3[TERMO-02]" time="0.002" /><testcase classname="tests.test_avaliacao_redteam_v3" name="test_redteam_v3[TERMO-03]" time="0.002" /><testcase classname="tests.test_avaliacao_redteam_v3" name="test_redteam_v3[TERMO-04]" time="0.002" /><testcase classname="tests.test_avaliacao_redteam_v3" name="test_redteam_v3[TERMO-05]" time="0.002" /><testcase classname="tests.test_avaliacao_redteam_v3" name="test_redteam_v3[TERMO-06]" time="0.002" /><testcase classname="tests.test_avaliacao_redteam_v3" name="test_redteam_v3[TERMO-07]" time="0.002" /><testcase classname="tests.test_avaliacao_redteam_v3" name="test_redteam_v3[TERMO-08]" time="0.002" /><testcase classname="tests.test_avaliacao_redteam_v3" name="test_redteam_v3[TERMO-09]" time="0.002" /><testcase classname="tests.test_avaliacao_redteam_v3" name="test_redteam_v3[TERMO-10]" time="0.002" /><testcase classname="tests.test_avaliacao_redteam_v3" name="test_redteam_v3[CONS-01]" time="0.002" /><testcase classname="tests.test_avaliacao_redteam_v3" name="test_redteam_v3[CONS-02]" time="0.003" /><testcase classname="tests.test_avaliacao_redteam_v3" name="test_redteam_v3[CONS-03]" time="0.002" /><testcase classname="tests.test_avaliacao_redteam_v3" name="test_redteam_v3[CONS-04]" time="0.002" /><testcase classname="tests.test_avaliacao_redteam_v3" name="test_redteam_v3[CONS-05]" time="0.002" /><testcase classname="tests.test_avaliacao_redteam_v3" name="test_redteam_v3[CONS-06]" time="0.002" /><testcase classname="tests.test_avaliacao_redteam_v3" name="test_redteam_v3[CONS-07]" time="0.002" /><testcase classname="tests.test_avaliacao_redteam_v3" name="test_redteam_v3[CONS-08]" time="0.002" /><testcase classname="tests.test_avaliacao_redteam_v3" name="test_redteam_v3[GEO-01]" time="0.001" /><testcase classname="tests.test_avaliacao_redteam_v3" name="test_redteam_v3[V-01]" time="0.002" /><testcase classname="tests.test_avaliacao_redteam_v3" name="test_redteam_v3[V-02]" time="0.002" /><testcase classname="tests.test_avaliacao_redteam_v3" name="test_redteam_v3[V-03]" time="0.002" /><testcase classname="tests.test_avaliacao_redteam_v3" name="test_redteam_v3[V-04]" time="0.002" /><testcase classname="tests.test_avaliacao_redteam_v3" name="test_redteam_v3[V-05]" time="0.002" /><testcase classname="tests.test_avaliacao_redteam_v3" name="test_redteam_v3[V-06]" time="0.001" /><testcase classname="tests.test_avaliacao_redteam_v3" name="test_redteam_v3[V-07]" time="0.001" /><testcase classname="tests.test_avaliacao_redteam_v3" name="test_redteam_v3[V-08]" time="0.001" /><testcase classname="tests.test_avaliacao_redteam_v3" name="test_redteam_v3[V-09]" time="0.001" /><testcase classname="tests.test_avaliacao_redteam_v3" name="test_redteam_v3[V-10]" time="0.002" /><testcase classname="tests.test_avaliacao_redteam_v3" name="test_redteam_v3[V-11]" time="0.001" /><testcase classname="tests.test_avaliacao_redteam_v3" name="test_redteam_v3[V-12]" time="0.001" /><testcase classname="tests.test_avaliacao_redteam_v3" name="test_redteam_v3[V-13]" time="0.001" /><testcase classname="tests.test_avaliacao_redteam_v3" name="test_redteam_v3[V-14]" time="0.001" /><testcase classname="tests.test_avaliacao_redteam_v3" name="test_redteam_v3_cobertura_total" time="0.001" /><testcase classname="tests.test_cache_reaper" name="test_cache_desligado_retorna_none" time="0.000" /><testcase classname="tests.test_cache_reaper" name="test_cache_hit_devolve_tese_ready_recente" time="0.001" /><testcase classname="tests.test_cache_reaper" name="test_cache_miss_sem_linhas" time="0.001" /><testcase classname="tests.test_cache_reaper" name="test_reaper_desligado_nao_faz_nada" time="0.001" /><testcase classname="tests.test_cache_reaper" name="test_reaper_marca_orfas_como_error" time="0.001" /><testcase classname="tests.test_cache_reaper" name="test_faithfulness_todos_numeros_ancorados" time="0.001" /><testcase classname="tests.test_cache_reaper" name="test_faithfulness_numero_inventado_baixa_score" time="0.001" /><testcase classname="tests.test_cache_reaper" name="test_faithfulness_none_sem_numeros" time="0.001" /><testcase classname="tests.test_cache_reaper" name="test_avaliar_tese_expoe_faithfulness" time="0.001" /><testcase classname="tests.test_commodities" name="test_parse_fredgraph_extrai_pontos_e_descarta_ausentes" time="0.001" /><testcase classname="tests.test_commodities" name="test_parse_fredgraph_aceita_observation_date_e_csv_vazio" time="0.001" /><testcase classname="tests.test_commodities" name="test_url_do_brent_e_keyless" time="0.001" /><testcase classname="tests.test_commodities" name="test_chaves_premium_sao_opcionais_behind_config" time="0.003" /><testcase classname="tests.test_config" name="test_database_url_postgresql_scheme_coerced" time="0.002" /><testcase classname="tests.test_config" name="test_database_url_postgres_scheme_coerced" time="0.002" /><testcase classname="tests.test_config" name="test_database_url_psycopg_unchanged" time="0.002" /><testcase classname="tests.test_config_tese_profunda" name="test_consenso_desligado_por_padrao" time="0.002" /><testcase classname="tests.test_config_tese_profunda" name="test_teto_de_custo_diario_subiu_para_25" time="0.002" /><testcase classname="tests.test_config_tese_profunda" name="test_consenso_tem_teto_de_busca_e_staleness_default" time="0.002" /><testcase classname="tests.test_config_tese_profunda" name="test_consenso_allowed_domains_default_e_a_lista_curada" time="0.001" /><testcase classname="tests.test_config_tese_profunda" name="test_consenso_allowed_domains_list_normaliza_espacos" time="0.002" /><testcase classname="tests.test_config_tese_profunda" name="test_scheduler_horas_novos_da_tese_profunda" time="0.001" /><testcase classname="tests.test_consenso" name="test_parse_num_ptbr_variantes" time="0.001" /><testcase classname="tests.test_consenso" name="test_spans_do_valor_matching_ptbr_do_contrato" time="0.000" /><testcase classname="tests.test_consenso" name="test_normalizar_remove_acentos_preservando_indices" time="0.000" /><testcase classname="tests.test_consenso" name="test_idade_dias_formatos_e_desconhecido" time="0.000" /><testcase classname="tests.test_consenso" name="test_dominio_permitido_exato_subdominio_e_ataques" time="0.001" /><testcase classname="tests.test_consenso" name="test_moeda_pelo_marcador_adjacente_nunca_pelo_modelo" time="0.001" /><testcase classname="tests.test_consenso" name="test_contrato_da_chamada_modelo_tool_e_dominios" time="0.011" /><testcase classname="tests.test_consenso" name="test_instrucao_no_system_dado_em_xml_no_turno_do_usuario" time="0.008" /><testcase classname="tests.test_consenso" name="test_dado_nao_fecha_tags_xml" time="0.007" /><testcase classname="tests.test_consenso" name="test_desabilitado_nao_chama_api_e_devolve_vazio" time="0.005" /><testcase classname="tests.test_consenso" name="test_happy_path_valida_e_persiste_dois_itens" time="0.010" /><testcase classname="tests.test_consenso" name="test_fonte_da_materia_criada_via_get_or_create_fonte" time="0.010" /><testcase classname="tests.test_consenso" name="test_veiculo_do_modelo_e_ignorado_prevalece_a_url" time="0.008" /><testcase classname="tests.test_consenso" name="test_casa_nao_verificavel_no_trecho_vira_none" time="0.008" /><testcase classname="tests.test_consenso" name="test_itens_duplicados_nao_duplicam_persistencia" time="0.010" /><testcase classname="tests.test_consenso" name="test_valor_fora_do_cited_text_descarta" time="0.008" /><testcase classname="tests.test_consenso" name="test_contexto_de_alvo_a_mais_de_80_chars_descarta" time="0.006" /><testcase classname="tests.test_consenso" name="test_numero_alem_do_truncamento_150_nao_sustenta_item" time="0.007" /><testcase classname="tests.test_consenso" name="test_item_sem_citacao_da_mesma_url_descarta" time="0.008" /><testcase classname="tests.test_consenso" name="test_page_age_acima_do_teto_descarta" time="0.007" /><testcase classname="tests.test_consenso" name="test_teto_de_page_age_vem_da_config" time="0.005" /><testcase classname="tests.test_consenso" name="test_page_age_desconhecido_e_aceito_e_persistido_cru" time="0.008" /><testcase classname="tests.test_consenso" name="test_sanity_bound_com_preco_atual" time="0.011" /><testcase classname="tests.test_consenso" name="test_dominio_fora_da_allowlist_descarta" time="0.008" /><testcase classname="tests.test_consenso" name="test_valor_invalido_ou_url_ausente_descarta" time="0.008" /><testcase classname="tests.test_consenso" name="test_teto_de_itens_processados_por_chamada" time="0.012" /><testcase classname="tests.test_consenso" name="test_prompt_injection_alvo_absurdo_cai_no_sanity_bound" time="0.008" /><testcase classname="tests.test_consenso" name="test_modelo_injetado_respondendo_prosa_sem_json_vira_vazio" time="0.008" /><testcase classname="tests.test_consenso" name="test_json_invalido_do_modelo_vira_vazio" time="0.007" /><testcase classname="tests.test_consenso" name="test_erro_de_api_degrada_para_lista_vazia" time="0.011" /><testcase classname="tests.test_consenso" name="test_persistir_sem_tabela_levanta_dado_nao_encontrado" time="0.009" /><testcase classname="tests.test_consenso" name="test_buscar_sem_tabela_devolve_vazio_sem_excecao" time="0.011" /><testcase classname="tests.test_consenso" name="test_resultado_consenso_e_lista_compativel_com_contrato_existente" time="0.001" /><testcase classname="tests.test_consenso" name="test_buscar_happy_path_expoe_web_search_requests_da_fixture" time="0.038" /><testcase classname="tests.test_consenso" name="test_buscar_zero_validados_ainda_expoe_custo_da_chamada_feita" time="0.017" /><testcase classname="tests.test_consenso" name="test_buscar_desabilitado_web_search_requests_zero" time="0.009" /><testcase classname="tests.test_consenso" name="test_buscar_erro_de_api_web_search_requests_zero" time="0.009" /><testcase classname="tests.test_consenso" name="test_buscar_sem_tabela_ainda_expoe_web_search_requests" time="0.012" /><testcase classname="tests.test_correlacao" name="test_pearson_correlacao_perfeita_positiva" time="0.001" /><testcase classname="tests.test_correlacao" name="test_pearson_sempre_entre_menos_um_e_um" time="0.002" /><testcase classname="tests.test_correlacao" name="test_pearson_abstem_com_poucos_pontos_ou_variancia_nula" time="0.001" /><testcase classname="tests.test_correlacao" name="test_alinhar_series_por_data_comum" time="0.001" /><testcase classname="tests.test_correlacao" name="test_elo_com_fonte_ausente_numa_ponta_e_invalido" time="0.001" /><testcase classname="tests.test_correlacao" name="test_co_movimento_nao_pode_afirmar_causalidade" time="0.001" /><testcase classname="tests.test_correlacao" name="test_co_movimento_com_amostra_pequena_abstem" time="0.025" /><testcase classname="tests.test_correlacao" name="test_elo_fraco_sem_hedge_e_invalido" time="0.001" /><testcase classname="tests.test_correlacao" name="test_elo_interpretativo_com_hedge_e_fontes_e_valido" time="0.001" /><testcase classname="tests.test_correlacao" name="test_montar_grafo_liga_cinco_dimensoes_todas_com_hedge_e_fontes" time="0.001" /><testcase classname="tests.test_correlacao" name="test_montar_grafo_descarta_elo_sem_fonte_de_empresa" time="0.001" /><testcase classname="tests.test_correlacao" name="test_montar_grafo_co_movimento_com_historico_mensal_suficiente" time="0.001" /><testcase classname="tests.test_correlacao" name="test_co_movimento_alinha_por_mes_mesmo_com_frequencias_diferentes" time="0.001" /><testcase classname="tests.test_correlacao" name="test_montar_grafo_novos_elos_d1_com_fonte_nas_duas_pontas" time="0.001" /><testcase classname="tests.test_correlacao" name="test_montar_grafo_novos_elos_abstem_sem_a_conta" time="0.001" /><testcase classname="tests.test_correlacao" name="test_elos_para_llm_inclui_ambas_as_fontes" time="0.001" /><testcase classname="tests.test_cotahist" name="test_parser_offsets_petr4_ground_truth" time="0.002" /><testcase classname="tests.test_cotahist" name="test_parser_offsets_hglg11_fii_e_bova11_etf" time="0.001" /><testcase classname="tests.test_cotahist" name="test_parser_filtra_codbdi_fora_da_lista" time="0.001" /><testcase classname="tests.test_cotahist" name="test_parser_filtra_tpmerc_nao_a_vista" time="0.001" /><testcase classname="tests.test_cotahist" name="test_parser_ignora_header_trailer_e_linha_curta" time="0.001" /><testcase classname="tests.test_cotahist" name="test_ingest_diario_grava_somente_tickers_rastreados" time="0.026" /><testcase classname="tests.test_cotahist" name="test_ingest_diario_fonte_tem_url_do_zip_data_e_rotulos" time="0.011" /><testcase classname="tests.test_cotahist" name="test_ingest_diario_404_feriado_retorna_zero_sem_erro" time="0.007" /><testcase classname="tests.test_cotahist" name="test_ingest_diario_idempotente_nao_duplica" time="0.013" /><testcase classname="tests.test_cotahist" name="test_ingest_diario_sem_tickers_nao_toca_a_rede" time="0.004" /><testcase classname="tests.test_cotahist" name="test_ingest_diario_zip_corrompido_retorna_zero" time="0.005" /><testcase classname="tests.test_cotahist" name="test_backfill_para_ao_cobrir_a_janela_sem_baixar_meses_extras" time="0.011" /><testcase classname="tests.test_cotahist" name="test_backfill_cascata_tolera_404_de_mes_sem_arquivo" time="0.014" /><testcase classname="tests.test_cotahist" name="test_backfill_no_op_quando_serie_fresca_e_completa" time="0.008" /><testcase classname="tests.test_cotahist" name="test_backfill_fonte_por_data_de_pregao" time="0.013" /><testcase classname="tests.test_cotahist" name="test_ensure_precos_fresco_le_do_banco_sem_rede" time="0.008" /><testcase classname="tests.test_cotahist" name="test_ensure_precos_vazio_dispara_backfill_e_devolve_ascendente" time="0.011" /><testcase classname="tests.test_cotahist" name="test_ensure_precos_stale_dispara_backfill_direcionado" time="0.018" /><testcase classname="tests.test_cotahist" name="test_ensure_precos_janela_limita_e_mantem_os_mais_recentes" time="0.010" /><testcase classname="tests.test_cotahist" name="test_ensure_precos_ticker_sem_linhas_em_arquivo_ok_alarma_a9" time="0.016" /><testcase classname="tests.test_cotahist" name="test_ensure_precos_nenhum_arquivo_acessivel_abstem" time="0.013" /><testcase classname="tests.test_cotahist" name="test_a13_tabela_ausente_vira_dado_nao_encontrado" time="0.001" /><testcase classname="tests.test_cotahist" name="test_a13_backfill_tabela_ausente_tambem_abstem" time="0.001" /><testcase classname="tests.test_cotahist" name="test_a13_programming_error_de_outra_natureza_propaga" time="0.001" /><testcase classname="tests.test_cotahist" name="test_dias_uteis_atras_pula_fim_de_semana" time="0.000" /><testcase classname="tests.test_criar_tese_classe" name="test_criar_tese_td_resolve_renda_fixa" time="0.001" /><testcase classname="tests.test_criar_tese_classe" name="test_criar_tese_acao_mantem_null_legado" time="0.001" /><testcase classname="tests.test_criar_tese_classe" name="test_criar_tese_identidade_nao_resolvida_deixa_null" time="0.001" /><testcase classname="tests.test_cvm_cadastro" name="test_parse_cad_indexa_por_cd_cvm" time="0.001" /><testcase classname="tests.test_cvm_cadastro" name="test_parse_valor_mobiliario_extrai_ticker_e_cd_cvm" time="0.001" /><testcase classname="tests.test_cvm_cadastro" name="test_parse_valor_mobiliario_descarta_linha_sem_ticker" time="0.000" /><testcase classname="tests.test_cvm_cadastro" name="test_montar_faz_join_por_cd_cvm_nao_por_razao_social" time="0.001" /><testcase classname="tests.test_cvm_cadastro" name="test_parse_vm_layout_real_2026_sem_cd_cvm_captura_cnpj" time="0.001" /><testcase classname="tests.test_cvm_cadastro" name="test_parse_vm_descarta_placeholder_nao_ha" time="0.001" /><testcase classname="tests.test_cvm_cadastro" name="test_parse_vm_aceita_formatos_reais_de_ticker" time="0.001" /><testcase classname="tests.test_cvm_cadastro" name="test_montar_join_por_cnpj_quando_vm_nao_tem_cd_cvm" time="0.001" /><testcase classname="tests.test_cvm_cadastro" name="test_montar_abstem_quando_cnpj_nao_esta_no_cad" time="0.001" /><testcase classname="tests.test_cvm_cadastro" name="test_montar_poe_listagem_ativa_por_ultimo_para_upsert_last_wins" time="0.001" /><testcase classname="tests.test_cvm_cadastro" name="test_montar_desempata_por_dt_referencia_mais_recente_por_ultimo" time="0.001" /><testcase classname="tests.test_cvm_cadastro" name="test_multiclasse_petr3_e_petr4_resolvem_para_mesmo_cd_cvm" time="0.001" /><testcase classname="tests.test_cvm_cadastro" name="test_resolver_devolve_tupla_completa" time="0.001" /><testcase classname="tests.test_cvm_cadastro" name="test_resolver_ticker_inexistente_devolve_none" time="0.001" /><testcase classname="tests.test_cvm_cadastro" name="test_resolver_prefere_registro_ativo" time="0.001" /><testcase classname="tests.test_cvm_cadastro" name="test_resolve_ticker_sem_sessao_usa_seed_para_ticker_conhecido" time="0.001" /><testcase classname="tests.test_cvm_cadastro" name="test_resolve_ticker_sem_sessao_e_sem_seed_abstem" time="0.000" /><testcase classname="tests.test_cvm_cadastro" name="test_ensure_empresa_ticker_desconhecido_abstem_antes_da_sessao" time="0.001" /><testcase classname="tests.test_dados" name="test_parse_valor_decimal_brasileiro_com_milhar" time="0.001" /><testcase classname="tests.test_dados" name="test_parse_valor_inteiro_sem_separador" time="0.001" /><testcase classname="tests.test_dados" name="test_parse_valor_vazio_retorna_none" time="0.000" /><testcase classname="tests.test_dados" name="test_parse_valor_none_retorna_none" time="0.000" /><testcase classname="tests.test_dados" name="test_parse_valor_espacos_em_branco_retorna_none" time="0.001" /><testcase classname="tests.test_dados" name="test_parse_valor_lixo_retorna_none" time="0.001" /><testcase classname="tests.test_dados" name="test_parse_valor_negativo" time="0.000" /><testcase classname="tests.test_dados" name="test_parse_valor_decimal_simples_com_virgula" time="0.000" /><testcase classname="tests.test_dados" name="test_parse_valor_ponto_como_milhar_sem_virgula" time="0.000" /><testcase classname="tests.test_dados" name="test_aplicar_escala_mil_multiplica_por_mil" time="0.000" /><testcase classname="tests.test_dados" name="test_aplicar_escala_unidade_mantem" time="0.000" /><testcase classname="tests.test_dados" name="test_aplicar_escala_desconhecida_multiplica_por_um" time="0.000" /><testcase classname="tests.test_dados" name="test_aplicar_escala_case_insensitive_e_trim" time="0.000" /><testcase classname="tests.test_dados" name="test_aplicar_escala_milhao_acentuado" time="0.000" /><testcase classname="tests.test_dados" name="test_aplicar_escala_valor_none_propaga_none" time="0.000" /><testcase classname="tests.test_dados" name="test_aplicar_escala_string_vazia_multiplica_por_um" time="0.005" /><testcase classname="tests.test_dados" name="test_parse_data_iso" time="0.000" /><testcase classname="tests.test_dados" name="test_parse_data_br" time="0.000" /><testcase classname="tests.test_dados" name="test_parse_data_invalida_retorna_none" time="0.001" /><testcase classname="tests.test_dados" name="test_parse_data_vazia_retorna_none" time="0.000" /><testcase classname="tests.test_dados" name="test_parse_data_none_retorna_none" time="0.001" /><testcase classname="tests.test_dados" name="test_parse_data_com_espacos_em_volta" time="0.001" /><testcase classname="tests.test_dados" name="test_ticker_petr4_mapeia_para_cd_cvm_9512" time="0.001" /><testcase classname="tests.test_dados" name="test_ensure_empresa_ticker_desconhecido_levanta_antes_da_sessao" time="0.001" /><testcase classname="tests.test_dados" name="test_ensure_empresa_mensagem_indica_dado_nao_encontrado" time="0.001" /><testcase classname="tests.test_dados_contas" name="test_aplicar_escala_milhar_multiplica_por_mil" time="0.000" /><testcase classname="tests.test_dados_contas" name="test_extrair_contas_bpp_novas_contas_de_divida_com_escala_milhar" time="0.001" /><testcase classname="tests.test_dados_contas" name="test_extrair_contas_membro_ausente_devolve_vazio" time="0.001" /><testcase classname="tests.test_dados_contas" name="test_da_dfc_linha_unica_combinada_extrai" time="0.001" /><testcase classname="tests.test_dados_contas" name="test_da_dfc_linhas_irmas_somam_sem_dupla_contagem" time="0.001" /><testcase classname="tests.test_dados_contas" name="test_da_dfc_hierarquia_ancestral_abstem" time="0.001" /><testcase classname="tests.test_dados_contas" name="test_da_dfc_datas_divergentes_abstem" time="0.001" /><testcase classname="tests.test_dados_contas" name="test_da_dfc_fora_dos_ajustes_e_ignorada" time="0.001" /><testcase classname="tests.test_dados_contas" name="test_da_dfc_ultimo_e_penultimo_consolidam_separados" time="0.001" /><testcase classname="tests.test_dados_contas" name="test_mensalizar_pega_ultima_observacao_de_cada_mes" time="0.001" /><testcase classname="tests.test_dados_contas" name="test_conta_de_banco_com_mesmo_codigo_e_outro_significado_abstem" time="0.001" /><testcase classname="tests.test_dados_contas" name="test_conta_padrao_nao_financeira_passa_na_validacao_semantica" time="0.001" /><testcase classname="tests.test_derivadas" name="test_divida_bruta_soma_emprestimos_circulante_e_nao_circulante" time="0.001" /><testcase classname="tests.test_derivadas" name="test_divida_bruta_abstem_se_faltar_um_componente" time="0.001" /><testcase classname="tests.test_derivadas" name="test_caixa_e_aplicacoes_soma" time="0.001" /><testcase classname="tests.test_derivadas" name="test_divida_liquida_bruta_menos_caixa" time="0.001" /><testcase classname="tests.test_derivadas" name="test_divida_liquida_abstem_sem_caixa" time="0.001" /><testcase classname="tests.test_derivadas" name="test_divida_liquida_pode_ser_negativa_caixa_liquido" time="0.001" /><testcase classname="tests.test_derivadas" name="test_registro_derivadas_tem_ebitda_mas_nao_fcf_livre" time="0.001" /><testcase classname="tests.test_derivadas" name="test_ebitda_soma_ebit_com_da_absoluta" time="0.001" /><testcase classname="tests.test_derivadas" name="test_ebitda_abstem_sem_da" time="0.001" /><testcase classname="tests.test_elos_por_classe" name="test_fii_monta_interpretativo_e_co_movimento_validados" time="0.001" /><testcase classname="tests.test_elos_por_classe" name="test_fii_nao_produz_elos_de_acao" time="0.001" /><testcase classname="tests.test_elos_por_classe" name="test_fii_co_movimento_n_menor_que_24_abstem" time="0.000" /><testcase classname="tests.test_elos_por_classe" name="test_fii_sem_fonte_selic_descarta_tudo" time="0.000" /><testcase classname="tests.test_elos_por_classe" name="test_fii_sem_fonte_do_indicador_descarta_interpretativo" time="0.001" /><testcase classname="tests.test_elos_por_classe" name="test_rf_ipca_monta_co_movimentos_e_interpretativo_expectativa" time="0.001" /><testcase classname="tests.test_elos_por_classe" name="test_rf_prefixado_ganha_elo_focus_rotulado_expectativa" time="0.001" /><testcase classname="tests.test_elos_por_classe" name="test_rf_nao_produz_elos_de_acao" time="0.001" /><testcase classname="tests.test_elos_por_classe" name="test_rf_co_movimento_n_menor_que_24_abstem" time="0.000" /><testcase classname="tests.test_elos_por_classe" name="test_rf_sem_fonte_do_titulo_abstem_tudo" time="0.001" /><testcase classname="tests.test_elos_por_classe" name="test_banco_monta_selic_captacao_e_selic_pdd_com_hedge" time="0.000" /><testcase classname="tests.test_elos_por_classe" name="test_banco_pdd_do_itub_em_3_02_02_tambem_ancora" time="0.000" /><testcase classname="tests.test_elos_por_classe" name="test_banco_sem_fonte_pdd_so_monta_captacao" time="0.000" /><testcase classname="tests.test_elos_por_classe" name="test_plano_padrao_e_seguradora_nao_ganham_elos_de_banco" time="0.000" /><testcase classname="tests.test_elos_por_classe" name="test_banco_sem_selic_abstem" time="0.000" /><testcase classname="tests.test_elos_por_classe" name="test_acao_montar_grafo_ignora_chave_plano_contas" time="0.001" /><testcase classname="tests.test_elos_por_classe" name="test_persistir_elos_grava_ativo_codigo_quando_sem_empresa" time="0.001" /><testcase classname="tests.test_elos_por_classe" name="test_persistir_elos_sem_ancora_nenhuma_falha_rapido" time="0.001" /><testcase classname="tests.test_elos_por_classe" name="test_persistir_elos_lista_vazia_sem_ancora_e_noop" time="0.001" /><testcase classname="tests.test_elos_por_classe" name="test_persistir_elos_com_empresa_segue_legado" time="0.001" /><testcase classname="tests.test_fii_dados" name="test_heuristica_isin_hglg" time="0.001" /><testcase classname="tests.test_fii_dados" name="test_heuristica_isin_normaliza_caixa_e_espacos" time="0.001" /><testcase classname="tests.test_fii_dados" name="test_heuristica_isin_malformado_vira_none[None]" time="0.001" /><testcase classname="tests.test_fii_dados" name="test_heuristica_isin_malformado_vira_none[]" time="0.001" /><testcase classname="tests.test_fii_dados" name="test_heuristica_isin_malformado_vira_none[HGLG]" time="0.001" /><testcase classname="tests.test_fii_dados" name="test_heuristica_isin_malformado_vira_none[BRHGLGCTF04]" time="0.001" /><testcase classname="tests.test_fii_dados" name="test_heuristica_isin_malformado_vira_none[BRHGLGCTF0045]" time="0.001" /><testcase classname="tests.test_fii_dados" name="test_heuristica_isin_malformado_vira_none[1RHGLGCTF004]" time="0.001" /><testcase classname="tests.test_fii_dados" name="test_heuristica_isin_malformado_vira_none[BRHGLGCTF00X]" time="0.001" /><testcase classname="tests.test_fii_dados" name="test_ensure_fii_resolve_hglg11_com_heuristica_rotulada" time="0.135" /><testcase classname="tests.test_fii_dados" name="test_ensure_fii_cascata_tenta_ano_corrente_antes_do_anterior" time="0.012" /><testcase classname="tests.test_fii_dados" name="test_ensure_fii_idempotente_nao_duplica_cadastro" time="0.017" /><testcase classname="tests.test_fii_dados" name="test_ensure_fii_ticker_inexistente_abstem" time="0.013" /><testcase classname="tests.test_fii_dados" name="test_ensure_fii_sem_zip_em_nenhum_ano_abstem" time="0.009" /><testcase classname="tests.test_fii_dados" name="test_bootstrap_fiis_popula_universo_do_fixture" time="0.014" /><testcase classname="tests.test_fii_dados" name="test_bootstrap_fiis_idempotente" time="0.021" /><testcase classname="tests.test_fii_dados" name="test_bootstrap_fiis_sem_zip_em_nenhum_ano_abstem" time="0.008" /><testcase classname="tests.test_fii_dados" name="test_bootstrap_cadastro_passo_fii_isolado_nao_derruba_cias" time="0.002" /><testcase classname="tests.test_fii_dados" name="test_bootstrap_cadastro_roda_o_passo_fii" time="0.001" /><testcase classname="tests.test_fii_dados" name="test_colisao_no_mesmo_lote_zera_ambos_sem_abortar" time="0.016" /><testcase classname="tests.test_fii_dados" name="test_colisao_com_ticker_ja_persistido_zera_ambos" time="0.016" /><testcase classname="tests.test_fii_dados" name="test_indicadores_reais_hglg_persistidos_sem_reescala" time="0.024" /><testcase classname="tests.test_fii_dados" name="test_indicadores_gravam_serie_historica_por_competencia" time="0.023" /><testcase classname="tests.test_fii_dados" name="test_indicadores_ingere_zip_do_ano_corrente_e_do_anterior" time="0.022" /><testcase classname="tests.test_fii_dados" name="test_indicador_campo_vazio_abstem_sem_derrubar_os_demais" time="0.026" /><testcase classname="tests.test_fii_dados" name="test_ingest_indicadores_idempotente" time="0.031" /><testcase classname="tests.test_fii_dados" name="test_ingest_indicadores_sem_zip_em_nenhum_ano_abstem" time="0.006" /><testcase classname="tests.test_fii_dados" name="test_vacancia_ponderada_por_area_do_ultimo_trimestre" time="0.011" /><testcase classname="tests.test_fii_dados" name="test_vacancia_imovel_sem_percentual_aborta_agregado" time="0.008" /><testcase classname="tests.test_fii_dados" name="test_vacancia_area_vazia_ou_zero_aborta_agregado[]" time="0.008" /><testcase classname="tests.test_fii_dados" name="test_vacancia_area_vazia_ou_zero_aborta_agregado[0]" time="0.009" /><testcase classname="tests.test_fii_dados" name="test_vacancia_area_vazia_ou_zero_aborta_agregado[0.0]" time="0.008" /><testcase classname="tests.test_fii_dados" name="test_vacancia_idempotente" time="0.011" /><testcase classname="tests.test_fii_dados" name="test_vacancia_sem_informe_devolve_none" time="0.006" /><testcase classname="tests.test_fii_dados" name="test_staleness_90_dias_exclui_competencia_velha" time="0.006" /><testcase classname="tests.test_fii_dados" name="test_staleness_limite_de_90_dias_e_inclusivo" time="0.008" /><testcase classname="tests.test_fii_dados" name="test_indicadores_recentes_devolve_o_mais_novo_por_indicador" time="0.008" /><testcase classname="tests.test_fii_dados" name="test_indicadores_recentes_staleness_customizavel" time="0.006" /><testcase classname="tests.test_focus" name="test_url_odata_e_percent_encoded_sem_mais" time="0.001" /><testcase classname="tests.test_focus" name="test_ingest_focus_grava_4_reunioes_e_fins_de_ano" time="0.006" /><testcase classname="tests.test_focus" name="test_ingest_focus_ignora_base_calculo_1_e_pesquisa_antiga" time="0.006" /><testcase classname="tests.test_focus" name="test_ingest_focus_e_idempotente" time="0.013" /><testcase classname="tests.test_focus" name="test_falha_400_do_olinda_levanta_excecao_limpa" time="0.001" /><testcase classname="tests.test_focus" name="test_resposta_nao_json_levanta_excecao_limpa" time="0.001" /><testcase classname="tests.test_focus" name="test_intervalos_sgs_fatiam_em_ate_10_anos" time="0.000" /><testcase classname="tests.test_focus" name="test_ingest_cdi_mensaliza_as_duas_series" time="0.003" /><testcase classname="tests.test_focus" name="test_ingest_cdi_falha_de_uma_serie_e_isolada" time="0.001" /><testcase classname="tests.test_focus" name="test_rotulos_das_series_novas_presentes" time="0.000" /><testcase classname="tests.test_focus" name="test_rotulos_focus_declaram_expectativa_nao_fato" time="0.000" /><testcase classname="tests.test_focus" name="test_rotulos_cdi_carregam_unidade_e_serie_sgs" time="0.000" /><testcase classname="tests.test_focus" name="test_rotulos_cobrem_as_4_reunioes_persistidas" time="0.001" /><testcase classname="tests.test_guard_httpx_direto" name="test_nenhum_conector_abre_httpx_direto" time="0.018" /><testcase classname="tests.test_guard_httpx_direto" name="test_import_httpx_so_para_anotacao_de_tipo_no_transport" time="0.015" /><testcase classname="tests.test_health" name="test_health_returns_ok" time="0.009" /><testcase classname="tests.test_http_client" name="test_get_keyless_injeta_user_agent_do_projeto" time="0.001" /><testcase classname="tests.test_http_client" name="test_get_keyless_ua_inclui_email_de_contato_para_sec" time="0.001" /><testcase classname="tests.test_http_client" name="test_get_keyless_headers_extra_nao_removem_o_ua" time="0.001" /><testcase classname="tests.test_http_client" name="test_download_zip_devolve_bytes_e_levanta_em_erro" time="0.001" /><testcase classname="tests.test_http_client" name="test_allowlist_inclui_os_cinco_hosts_novos_da_tese_profunda" time="0.001" /><testcase classname="tests.test_http_client" name="test_post_keyless_bloqueia_url_fora_da_allowlist_sem_transport" time="0.001" /><testcase classname="tests.test_http_client" name="test_post_keyless_mocktransport_pula_allowlist_para_testes" time="0.001" /><testcase classname="tests.test_http_client" name="test_post_keyless_envia_form_encoded_com_user_agent" time="0.001" /><testcase classname="tests.test_http_client" name="test_post_keyless_instala_o_mesmo_hook_de_revalidacao_de_redirect_do_get" time="0.016" /><testcase classname="tests.test_http_client" name="test_post_keyless_retenta_em_erro_de_rede" time="0.502" /><testcase classname="tests.test_identidade" name="test_td_ipca_2035_resolve_renda_fixa_sem_tocar_o_banco" time="0.001" /><testcase classname="tests.test_identidade" name="test_mapa_stn_cada_sigla_resolve_a_familia_oficial[EDUCA-Tesouro Educa+]" time="0.001" /><testcase classname="tests.test_identidade" name="test_mapa_stn_cada_sigla_resolve_a_familia_oficial[IGPMJ-Tesouro IGPM+ com Juros Semestrais]" time="0.001" /><testcase classname="tests.test_identidade" name="test_mapa_stn_cada_sigla_resolve_a_familia_oficial[IPCA-Tesouro IPCA+]" time="0.001" /><testcase classname="tests.test_identidade" name="test_mapa_stn_cada_sigla_resolve_a_familia_oficial[IPCAJ-Tesouro IPCA+ com Juros Semestrais]" time="0.001" /><testcase classname="tests.test_identidade" name="test_mapa_stn_cada_sigla_resolve_a_familia_oficial[PRE-Tesouro Prefixado]" time="0.001" /><testcase classname="tests.test_identidade" name="test_mapa_stn_cada_sigla_resolve_a_familia_oficial[PREJ-Tesouro Prefixado com Juros Semestrais]" time="0.001" /><testcase classname="tests.test_identidade" name="test_mapa_stn_cada_sigla_resolve_a_familia_oficial[RENDA-Tesouro Renda+ Aposentadoria Extra]" time="0.001" /><testcase classname="tests.test_identidade" name="test_mapa_stn_cada_sigla_resolve_a_familia_oficial[SELIC-Tesouro Selic]" time="0.001" /><testcase classname="tests.test_identidade" name="test_mapa_stn_completo_e_bijetivo" time="0.000" /><testcase classname="tests.test_identidade" name="test_schema_aceita_uniao_b3_e_td_e_normaliza" time="0.001" /><testcase classname="tests.test_identidade" name="test_schema_rejeita_codigos_invalidos_422[TD-XXXX-2035]" time="0.001" /><testcase classname="tests.test_identidade" name="test_schema_rejeita_codigos_invalidos_422[TD-IPCA-35]" time="0.000" /><testcase classname="tests.test_identidade" name="test_schema_rejeita_codigos_invalidos_422[TD-IPCA-3035]" time="0.000" /><testcase classname="tests.test_identidade" name="test_schema_rejeita_codigos_invalidos_422[DROP TABLE]" time="0.000" /><testcase classname="tests.test_identidade" name="test_schema_rejeita_codigos_invalidos_422[TD--2035]" time="0.001" /><testcase classname="tests.test_identidade" name="test_schema_rejeita_codigos_invalidos_422[TD-IPCA-]" time="0.000" /><testcase classname="tests.test_identidade" name="test_schema_max_length_16" time="0.001" /><testcase classname="tests.test_identidade" name="test_tese_out_classe_ativo_opcional_default_none" time="0.000" /><testcase classname="tests.test_identidade" name="test_petr4_resolve_acao_direto_sem_sessao" time="0.000" /><testcase classname="tests.test_identidade" name="test_sufixo_direto_nao_consulta_o_banco" time="0.000" /><testcase classname="tests.test_identidade" name="test_hglg11_com_fii_cadastro_e_sem_cvm_resolve_fii" time="0.001" /><testcase classname="tests.test_identidade" name="test_sanb11_presente_em_cvm_cadastro_resolve_acao" time="0.001" /><testcase classname="tests.test_identidade" name="test_unit_vence_mesmo_com_homonimo_no_fii_cadastro" time="0.000" /><testcase classname="tests.test_identidade" name="test_mxrf12_sem_cadastro_nenhum_abstem_com_mensagem_estavel" time="0.001" /><testcase classname="tests.test_identidade" name="test_codigo_fora_das_gramaticas_abstem_mesmo_sem_schema" time="0.000" /><testcase classname="tests.test_identidade" name="test_registry_tem_as_tres_classes_com_metadados" time="0.000" /><testcase classname="tests.test_identidade" name="test_post_teses_grava_classe_fii" time="0.008" /><testcase classname="tests.test_identidade" name="test_post_teses_grava_classe_renda_fixa_sem_query" time="0.007" /><testcase classname="tests.test_identidade" name="test_post_teses_acao_legada_fica_null_sem_commit_extra" time="0.006" /><testcase classname="tests.test_identidade" name="test_post_teses_abstencao_preserva_contrato_202" time="0.008" /><testcase classname="tests.test_identidade" name="test_get_tese_inclui_classe_ativo_quando_existir" time="0.006" /><testcase classname="tests.test_identidade" name="test_get_tese_legada_sem_atributo_classe_devolve_none" time="0.006" /><testcase classname="tests.test_ifdata" name="test_regra_anualizacao_segue_a_apuracao_semestral" time="0.001" /><testcase classname="tests.test_ifdata" name="test_regra_anualizacao_mes_fora_do_calendario_alarma" time="0.001" /><testcase classname="tests.test_ifdata" name="test_fim_do_mes_da_data_base" time="0.001" /><testcase classname="tests.test_ifdata" name="test_ensure_persiste_os_seis_indicadores_do_itau" time="0.023" /><testcase classname="tests.test_ifdata" name="test_ensure_dt_referencia_e_base_prudencial" time="0.016" /><testcase classname="tests.test_ifdata" name="test_ensure_basileia_em_pct_e_monetarios_em_brl" time="0.017" /><testcase classname="tests.test_ifdata" name="test_metodologia_declarada_por_indicador" time="0.017" /><testcase classname="tests.test_ifdata" name="test_fonte_ifdata_com_data_base_e_data_de_extracao" time="0.016" /><testcase classname="tests.test_ifdata" name="test_ensure_idempotente_nao_duplica" time="0.028" /><testcase classname="tests.test_ifdata" name="test_bb_descoberto_no_cadastro_prudencial" time="0.016" /><testcase classname="tests.test_ifdata" name="test_data_base_explicita_e_respeitada" time="0.015" /><testcase classname="tests.test_ifdata" name="test_data_base_nao_publicada_abstem" time="0.005" /><testcase classname="tests.test_ifdata" name="test_fora_do_mapa_abstem_sem_tocar_a_rede" time="0.003" /><testcase classname="tests.test_ifdata" name="test_caixa_sem_registro_cvm_fica_fora_do_mapa_documentada" time="0.001" /><testcase classname="tests.test_ifdata" name="test_cache_fresco_nao_toca_a_rede" time="0.020" /><testcase classname="tests.test_ifdata" name="test_extracao_stale_rebusca_na_fonte" time="0.029" /><testcase classname="tests.test_ifdata" name="test_fonte_indisponivel_serve_o_persistido_stale" time="1.522" /><testcase classname="tests.test_ifdata" name="test_fonte_indisponivel_sem_persistido_abstem" time="1.509" /><testcase classname="tests.test_ifdata" name="test_erro_interno_do_rest_e_alarme_de_schema" time="0.007" /><testcase classname="tests.test_ifdata" name="test_arquivo_ausente_da_listagem_alarma" time="0.013" /><testcase classname="tests.test_ifdata" name="test_conceito_ausente_do_info_alarma" time="0.008" /><testcase classname="tests.test_ifdata" name="test_conceito_com_nome_divergente_alarma" time="0.009" /><testcase classname="tests.test_ifdata" name="test_codigo_ausente_do_cadastro_alarma" time="0.011" /><testcase classname="tests.test_ifdata" name="test_codigo_remapeado_para_outra_instituicao_alarma" time="0.010" /><testcase classname="tests.test_ifdata" name="test_instituicao_sem_bloco_num_arquivo_e_abstencao_parcial" time="0.021" /><testcase classname="tests.test_ifdata" name="test_nenhum_valor_em_nenhum_arquivo_abstem" time="0.012" /><testcase classname="tests.test_ifdata" name="test_sem_tabela_banco_indicadores_degrada_para_abstencao" time="0.004" /><testcase classname="tests.test_ingest_orquestracao" name="test_ingest_completo_isola_falha_de_uma_fonte" time="0.001" /><testcase classname="tests.test_ingest_orquestracao" name="test_ingest_completo_dispara_ifdata_e_aneel_por_plano_e_setor" time="0.001" /><testcase classname="tests.test_ingest_orquestracao" name="test_ingest_macro_refresh_roda_so_series_globais" time="0.001" /><testcase classname="tests.test_ingest_orquestracao" name="test_ingest_fii_completo_passos_isolados" time="0.001" /><testcase classname="tests.test_ingest_orquestracao" name="test_ingest_fii_completo_com_ticker_dispara_cotahist_e_proventos_em_ordem" time="0.001" /><testcase classname="tests.test_ingest_orquestracao" name="test_ingest_renda_fixa_completo_so_o_titulo_pedido" time="0.001" /><testcase classname="tests.test_ingest_orquestracao" name="test_ingest_completo_pula_dfp_quando_empresa_ja_tem_fundamento" time="0.002" /><testcase classname="tests.test_ingest_orquestracao" name="test_ingest_fii_completo_pula_informe_quando_indicador_ja_fresco" time="0.001" /><testcase classname="tests.test_integracao_tese" name="test_rotulo_macro_canonico_e_fallback" time="0.001" /><testcase classname="tests.test_integracao_tese" name="test_coletar_usa_rotulo_canonico_e_inclui_pares" time="0.001" /><testcase classname="tests.test_integracao_tese" name="test_gate_bloqueia_elo_sem_fonte_numa_ponta" time="0.001" /><testcase classname="tests.test_integracao_tese" name="test_gate_aprova_elo_com_fonte_nas_duas_pontas" time="0.001" /><testcase classname="tests.test_integracao_tese" name="test_gate_sem_elos_nao_quebra" time="0.001" /><testcase classname="tests.test_macro_expandido" name="test_ingest_macro_inclui_ipca_433_e_igpm_189" time="0.001" /><testcase classname="tests.test_macro_expandido" name="test_ingest_macro_mantem_selic_diaria_separada_da_meta" time="0.001" /><testcase classname="tests.test_macro_expandido" name="test_ingest_macro_corpo_dict_do_sgs_nao_derruba_o_passo" time="0.001" /><testcase classname="tests.test_macro_expandido" name="test_ingest_macro_corpo_dict_falha_so_a_serie_e_o_lote_segue" time="0.002" /><testcase classname="tests.test_macro_global" name="test_parse_world_bank_descarta_nulos_e_le_valores" time="0.001" /><testcase classname="tests.test_macro_global" name="test_parse_world_bank_payload_degenerado_devolve_vazio" time="0.001" /><testcase classname="tests.test_macro_global" name="test_ano_para_data_fim_de_exercicio" time="0.000" /><testcase classname="tests.test_macro_global" name="test_indicadores_incluem_pib_e_inflacao_globais" time="0.000" /><testcase classname="tests.test_metricas_setor" name="test_classe_none_resolve_para_acao_generica" time="0.013" /><testcase classname="tests.test_metricas_setor" name="test_plano_banco_resolve_metricas_de_banco" time="0.016" /><testcase classname="tests.test_metricas_setor" name="test_setor_energia_resolve_chave_energia_transmissao" time="0.015" /><testcase classname="tests.test_metricas_setor" name="test_classe_fii_resolve_metricas_de_fii" time="0.019" /><testcase classname="tests.test_metricas_setor" name="test_classe_renda_fixa_resolve_metricas_de_rf" time="0.013" /><testcase classname="tests.test_metricas_setor" name="test_classe_desconhecida_devolve_lista_vazia" time="0.010" /><testcase classname="tests.test_metricas_setor" name="test_basileia_com_valor_rotulo_prudencial_e_fonte" time="0.016" /><testcase classname="tests.test_metricas_setor" name="test_basileia_ausente_abstem_com_lacuna" time="0.014" /><testcase classname="tests.test_metricas_setor" name="test_roe_reusa_fundamento_derivado_do_ingestor" time="0.017" /><testcase classname="tests.test_metricas_setor" name="test_nim_aproximada_com_rotulo_aprox_e_duas_fontes" time="0.019" /><testcase classname="tests.test_metricas_setor" name="test_nim_sem_carteira_abstem" time="0.016" /><testcase classname="tests.test_metricas_setor" name="test_ativos_problematicos_com_nota_res_4966" time="0.022" /><testcase classname="tests.test_metricas_setor" name="test_pvp_banco_preco_vezes_acoes_sobre_pl" time="0.019" /><testcase classname="tests.test_metricas_setor" name="test_pvp_sem_num_acoes_abstem_com_lacuna" time="0.018" /><testcase classname="tests.test_metricas_setor" name="test_num_acoes_sem_fonte_e_descartado" time="0.021" /><testcase classname="tests.test_metricas_setor" name="test_pl_acao_golden" time="0.019" /><testcase classname="tests.test_metricas_setor" name="test_pl_nao_casa_resultado_antes_dos_tributos" time="0.019" /><testcase classname="tests.test_metricas_setor" name="test_pl_lucro_nao_positivo_abstem" time="0.018" /><testcase classname="tests.test_metricas_setor" name="test_ev_ebitda_reusa_derivadas_do_ingestor" time="0.032" /><testcase classname="tests.test_metricas_setor" name="test_divliq_ebitda_e_abstencao_sem_ebitda" time="0.021" /><testcase classname="tests.test_metricas_setor" name="test_margem_liquida_exige_mesmo_exercicio" time="0.024" /><testcase classname="tests.test_metricas_setor" name="test_rap_com_metodologia_do_mapa_curado" time="0.021" /><testcase classname="tests.test_metricas_setor" name="test_rap_sem_metodologia_abstem" time="0.017" /><testcase classname="tests.test_metricas_setor" name="test_rap_ausente_abstem_com_lacuna" time="0.014" /><testcase classname="tests.test_metricas_setor" name="test_dy_12m_mercado_janela_e_metodologia" time="0.019" /><testcase classname="tests.test_metricas_setor" name="test_dy_12m_sem_proventos_abstem" time="0.017" /><testcase classname="tests.test_metricas_setor" name="test_pvp_fii_duas_fontes_e_nota_de_defasagem" time="0.028" /><testcase classname="tests.test_metricas_setor" name="test_pvp_fii_vp_cota_stale_abstem" time="0.022" /><testcase classname="tests.test_metricas_setor" name="test_dy_informe_reusa_metodologia_e_nao_anualiza" time="0.023" /><testcase classname="tests.test_metricas_setor" name="test_dy_12m_fii_a_mercado" time="0.030" /><testcase classname="tests.test_metricas_setor" name="test_vacancia_reusa_metodologia_do_conector" time="0.026" /><testcase classname="tests.test_metricas_setor" name="test_cap_rate_e_lacuna_consciente" time="0.016" /><testcase classname="tests.test_metricas_setor" name="test_fii_sem_cadastro_abstem_indicadores_do_informe" time="0.016" /><testcase classname="tests.test_metricas_setor" name="test_inflacao_implicita_escolhe_vertice_mais_proximo_da_duration" time="0.026" /><testcase classname="tests.test_metricas_setor" name="test_inflacao_implicita_sem_snapshot_abstem" time="0.015" /><testcase classname="tests.test_metricas_setor" name="test_spread_pre_com_rotulo_proxy_e_duas_fontes" time="0.018" /><testcase classname="tests.test_metricas_setor" name="test_rf_titulo_stale_abstem" time="0.014" /><testcase classname="tests.test_metricas_setor" name="test_rf_taxa_zerada_pela_convencao_stn_abstem_spread" time="0.016" /><testcase classname="tests.test_metricas_setor" name="test_tabela_ausente_degrada_para_lacuna_rotulada" time="0.018" /><testcase classname="tests.test_metricas_setor" name="test_erro_de_sql_que_nao_e_tabela_ausente_propaga" time="0.001" /><testcase classname="tests.test_metricas_setor" name="test_templates_de_todas_as_classes_passam_no_gate" time="0.036" /><testcase classname="tests.test_metricas_setor" name="test_metricas_para_envelope_shape_do_contrato" time="0.017" /><testcase classname="tests.test_models_schema" name="test_modelos_novos_tem_tablename_esperado" time="0.000" /><testcase classname="tests.test_models_schema" name="test_cvm_cadastro_tem_comneg_e_cd_cvm" time="0.000" /><testcase classname="tests.test_models_schema" name="test_par_registra_criterio_de_selecao_interpretativo" time="0.001" /><testcase classname="tests.test_models_schema" name="test_elo_distingue_co_movimento_de_causalidade" time="0.001" /><testcase classname="tests.test_models_schema" name="test_migracao_encadeia_em_0001" time="0.000" /><testcase classname="tests.test_models_schema" name="test_upgrade_habilita_rls_e_policy_para_cada_tabela_nova" time="0.001" /><testcase classname="tests.test_models_schema" name="test_upgrade_nao_altera_tabelas_existentes" time="0.001" /><testcase classname="tests.test_models_schema" name="test_downgrade_dropa_as_quatro_tabelas_novas" time="0.000" /><testcase classname="tests.test_models_schema" name="test_elo_tem_check_de_forca_entre_zero_e_um" time="0.001" /><testcase classname="tests.test_models_schema_0005" name="test_modelos_novos_tem_tablename_esperado" time="0.000" /><testcase classname="tests.test_models_schema_0005" name="test_fii_cadastro_rotula_a_heuristica_de_ticker" time="0.001" /><testcase classname="tests.test_models_schema_0005" name="test_fii_indicador_e_tipado_com_unidade_e_fonte_obrigatorias" time="0.001" /><testcase classname="tests.test_models_schema_0005" name="test_titulo_publico_tem_granularidade_e_fonte_obrigatoria" time="0.000" /><testcase classname="tests.test_models_schema_0005" name="test_colunas_novas_espelhadas_nos_modelos_existentes" time="0.000" /><testcase classname="tests.test_models_schema_0005" name="test_tese_ticker_comporta_codigos_de_renda_fixa" time="0.000" /><testcase classname="tests.test_models_schema_0005" name="test_elo_ancora_por_empresa_ou_ativo_codigo" time="0.000" /><testcase classname="tests.test_models_schema_0005" name="test_migracao_encadeia_em_0004" time="0.001" /><testcase classname="tests.test_models_schema_0005" name="test_upgrade_habilita_rls_e_policy_para_cada_tabela_nova" time="0.000" /><testcase classname="tests.test_models_schema_0005" name="test_upgrade_cria_indice_para_toda_fk_nova" time="0.000" /><testcase classname="tests.test_models_schema_0005" name="test_upgrade_indexa_a_resolucao_de_titulo_por_data_base_desc" time="0.000" /><testcase classname="tests.test_models_schema_0005" name="test_upgrade_tem_unicidade_por_granularidade" time="0.000" /><testcase classname="tests.test_models_schema_0005" name="test_upgrade_e_aditivo_sem_drop_de_tabela_ou_coluna" time="
[...]
s" name="test_tese_out_listas_default_sao_vazias" time="0.001" /><testcase classname="tests.test_schemas" name="test_tese_out_aceita_citacoes_e_fontes_como_dicts" time="0.001" /><testcase classname="tests.test_schemas" name="test_fonte_out_coage_uuid_string_e_iso_date" time="0.001" /><testcase classname="tests.test_schemas" name="test_fonte_out_campos_opcionais_default_none" time="0.000" /><testcase classname="tests.test_schemas" name="test_citacao_out_minima_sem_fonte" time="0.000" /><testcase classname="tests.test_schemas" name="test_citacao_out_coage_fonte_aninhada_de_dict" time="0.000" /><testcase classname="tests.test_sec" name="test_parse_company_tickers_normaliza_cik_para_10_digitos" time="0.000" /><testcase classname="tests.test_sec" name="test_extrair_usa_gaap_pega_ultimo_ano" time="0.001" /><testcase classname="tests.test_sec" name="test_extrair_cai_para_ifrs_quando_nao_ha_us_gaap" time="0.000" /><testcase classname="tests.test_sec" name="test_extrair_omite_conceito_ausente_nao_inventa" time="0.000" /><testcase classname="tests.test_sec" name="test_extrair_ignora_fato_nao_anual" time="0.000" /><testcase classname="tests.test_sec" name="test_extrair_caso_tte_vence_o_periodo_mais_recente_entre_candidatos" time="0.000" /><testcase classname="tests.test_sec" name="test_extrair_abstem_quando_o_periodo_mais_recente_e_velho" time="0.001" /><testcase classname="tests.test_sec" name="test_extrair_mais_recente_vence_mesmo_cruzando_taxonomia" time="0.001" /><testcase classname="tests.test_sec" name="test_extrair_empate_de_periodo_mantem_ordem_da_lista" time="0.000" /><testcase classname="tests.test_sec" name="test_data_corte_pares_aritmetica_e_desligamento" time="0.000" /><testcase classname="tests.test_sec" name="test_persistir_substitui_snapshot_e_grava_dt_referencia" time="0.001" /><testcase classname="tests.test_sec" name="test_selecionar_pares_petroleo_traz_supermajors" time="0.000" /><testcase classname="tests.test_sec" name="test_selecionar_pares_holding_abstem" time="0.000" /><testcase classname="tests.test_sec" name="test_selecionar_pares_setor_desconhecido_abstem" time="0.000" /><testcase classname="tests.test_sec" name="test_selecionar_pares_sem_setor_abstem" time="0.000" /><testcase classname="tests.test_sec" name="test_criterio_selecao_marca_como_interpretacao" time="0.000" /><testcase classname="tests.test_seguranca" name="test_host_permitido_aceita_allowlist_e_subdominios" time="0.001" /><testcase classname="tests.test_seguranca" name="test_host_permitido_rejeita_fora_da_allowlist" time="0.000" /><testcase classname="tests.test_seguranca" name="test_host_permitido_aceita_hosts_da_fase2_multiativo" time="0.000" /><testcase classname="tests.test_seguranca" name="test_host_permitido_fase2_sem_curinga_gov_br" time="0.000" /><testcase classname="tests.test_seguranca" name="test_validar_url_rejeita_esquema_perigoso" time="0.000" /><testcase classname="tests.test_seguranca" name="test_validar_url_rejeita_host_nao_allowlisted" time="0.001" /><testcase classname="tests.test_seguranca" name="test_resolve_publico_bloqueia_ip_interno" time="0.001" /><testcase classname="tests.test_seguranca" name="test_resolve_publico_aceita_ip_publico" time="0.000" /><testcase classname="tests.test_seguranca" name="test_get_keyless_bloqueia_url_fora_da_allowlist_sem_transport" time="0.000" /><testcase classname="tests.test_seguranca" name="test_mocktransport_pula_allowlist_para_testes" time="0.001" /><testcase classname="tests.test_seguranca" name="test_ticker_valido_normaliza_para_upper" time="0.001" /><testcase classname="tests.test_seguranca" name="test_ticker_invalido_rejeitado[]" time="0.001" /><testcase classname="tests.test_seguranca" name="test_ticker_invalido_rejeitado[AB]" time="0.000" /><testcase classname="tests.test_seguranca" name="test_ticker_invalido_rejeitado[PETR]" time="0.000" /><testcase classname="tests.test_seguranca" name="test_ticker_invalido_rejeitado['; DROP]" time="0.001" /><testcase classname="tests.test_seguranca" name="test_ticker_invalido_rejeitado[PETR44444]" time="0.001" /><testcase classname="tests.test_seguranca" name="test_ticker_invalido_rejeitado[../etc]" time="0.001" /><testcase classname="tests.test_seguranca" name="test_ticker_invalido_rejeitado[4PET4]" time="0.000" /><testcase classname="tests.test_seguranca" name="test_teto_custo_bloqueia_apos_atingir" time="0.001" /><testcase classname="tests.test_seguranca" name="test_teto_custo_zero_desliga" time="0.001" /><testcase classname="tests.test_seguranca" name="test_slot_geracao_esgota_e_bloqueia" time="0.000" /><testcase classname="tests.test_seguranca" name="test_download_zip_aborta_acima_do_teto" time="0.001" /><testcase classname="tests.test_seguranca" name="test_download_zip_ok_abaixo_do_teto" time="0.001" /><testcase classname="tests.test_seguranca" name="test_sanitizar_instrucao_remove_quebras_e_trunca" time="0.000" /><testcase classname="tests.test_seguranca" name="test_health_traz_headers_de_seguranca" time="0.004" /><testcase classname="tests.test_seguranca" name="test_corpo_grande_demais_rejeitado_413" time="0.002" /><testcase classname="tests.test_seguranca" name="test_corpo_chunked_sem_content_length_rejeitado_413" time="0.002" /><testcase classname="tests.test_seguranca" name="test_chave_rate_limit_usa_xff_mais_a_direita" time="0.000" /><testcase classname="tests.test_seguranca" name="test_health_isento_do_rate_limit_global" time="0.397" /><testcase classname="tests.test_seguranca" name="test_get_tese_reprovada_nao_serve_markdown" time="0.006" /><testcase classname="tests.test_seguranca" name="test_rate_limit_criar_tese_dispara_429" time="0.149" /><testcase classname="tests.test_synthesize" name="test_synthesize_mapeia_citacoes_para_fontes" time="0.001" /><testcase classname="tests.test_synthesize" name="test_synthesize_traca_custo_e_tokens_no_langfuse" time="0.001" /><testcase classname="tests.test_synthesize" name="test_synthesize_sem_citacoes_ainda_gera_markdown" time="0.000" /><testcase classname="tests.test_tecnica" name="test_kat_tulip_sma5" time="0.001" /><testcase classname="tests.test_tecnica" name="test_kat_tulip_ema5_seed_primeiro" time="0.001" /><testcase classname="tests.test_tecnica" name="test_kat_tulip_rsi5_wilder_seed_media" time="0.001" /><testcase classname="tests.test_tecnica" name="test_kat_tulip_macd_2_5_9" time="0.001" /><testcase classname="tests.test_tecnica" name="test_kat_tulip_bbands_5_2" time="0.001" /><testcase classname="tests.test_tecnica" name="test_kat_tulip_stoch_5_3_3" time="0.001" /><testcase classname="tests.test_tecnica" name="test_kat_tulip_willr5" time="0.001" /><testcase classname="tests.test_tecnica" name="test_kat_tulip_ad" time="0.000" /><testcase classname="tests.test_tecnica" name="test_kat_cs_rsi_seed_zero" time="0.001" /><testcase classname="tests.test_tecnica" name="test_kat_cs_macd_emas_e_linha" time="0.003" /><testcase classname="tests.test_tecnica" name="test_kat_cs_macd_sinal_e_histograma_convergem" time="0.002" /><testcase classname="tests.test_tecnica" name="test_kat_cs_bbands_ddof0" time="0.002" /><testcase classname="tests.test_tecnica" name="test_kat_cs_soo_estocastico_rapido" time="0.002" /><testcase classname="tests.test_tecnica" name="test_kat_cs_percentr_williams" time="0.001" /><testcase classname="tests.test_tecnica" name="test_kat_cs_accum_ad" time="0.002" /><testcase classname="tests.test_tecnica" name="test_rsi_avg_loss_zero_da_100" time="0.001" /><testcase classname="tests.test_tecnica" name="test_ad_mfm_zero_quando_high_igual_low" time="0.000" /><testcase classname="tests.test_tecnica" name="test_estocastico_e_williams_amplitude_nula_neutros" time="0.000" /><testcase classname="tests.test_tecnica" name="test_fibonacci_direcao_alta_golden" time="0.000" /><testcase classname="tests.test_tecnica" name="test_fibonacci_direcao_baixa_golden" time="0.000" /><testcase classname="tests.test_tecnica" name="test_fibonacci_janela_252_ignora_extremos_antigos" time="0.000" /><testcase classname="tests.test_tecnica" name="test_fibonacci_amplitude_nula_none" time="0.000" /><testcase classname="tests.test_tecnica" name="test_parametros_invalidos_sao_erro_de_contrato" time="0.000" /><testcase classname="tests.test_tecnica" name="test_calcular_serie_completa_todos_indicadores" time="0.018" /><testcase classname="tests.test_tecnica" name="test_graficos_ordem_canonica_e_estrutura" time="0.018" /><testcase classname="tests.test_tecnica" name="test_warmup_recursivo_descartado_das_series" time="0.016" /><testcase classname="tests.test_tecnica" name="test_serie_curta_omite_com_motivo_nunca_nan" time="0.002" /><testcase classname="tests.test_tecnica" name="test_limiares_minimos_recursivos" time="0.006" /><testcase classname="tests.test_tecnica" name="test_precos_vazios_abstencao_rotulada" time="0.001" /><testcase classname="tests.test_tecnica" name="test_barras_sem_fechamento_descartadas_com_lacuna" time="0.003" /><testcase classname="tests.test_tecnica" name="test_sem_maxima_minima_omite_hlc_e_fibonacci_cai_para_fechamentos" time="0.003" /><testcase classname="tests.test_tecnica" name="test_decimal_e_ordem_embaralhada_normalizados" time="0.011" /><testcase classname="tests.test_tecnica" name="test_downsample_series_longas" time="0.020" /><testcase classname="tests.test_tecnica" name="test_leituras_neutras_passam_pelo_gate" time="0.019" /><testcase classname="tests.test_tecnica" name="test_leitura_rsi_template_deterministico" time="0.003" /><testcase classname="tests.test_tecnica" name="test_envelope_contrato_v3" time="0.033" /><testcase classname="tests.test_tese_engine" name="test_fmt_reais_bilhoes" time="0.001" /><testcase classname="tests.test_tese_engine" name="test_fmt_reais_valor_pequeno" time="0.001" /><testcase classname="tests.test_tese_engine" name="test_fmt_reais_zero" time="0.001" /><testcase classname="tests.test_tese_engine" name="test_fmt_reais_negativo" time="0.000" /><testcase classname="tests.test_tese_engine" name="test_detect_lacunas_encontra_linha" time="0.000" /><testcase classname="tests.test_tese_engine" name="test_detect_lacunas_case_insensitive" time="0.000" /><testcase classname="tests.test_tese_engine" name="test_detect_lacunas_multiplas_linhas" time="0.001" /><testcase classname="tests.test_tese_engine" name="test_detect_lacunas_sem_ocorrencia_retorna_vazio" time="0.000" /><testcase classname="tests.test_tese_engine" name="test_detect_lacunas_remove_marcadores_e_espacos" time="0.000" /><testcase classname="tests.test_tese_engine" name="test_estimar_custo_modelo_desconhecido_retorna_none" time="0.000" /><testcase classname="tests.test_tese_engine" name="test_estimar_custo_usage_none_retorna_none" time="0.000" /><testcase classname="tests.test_tese_engine" name="test_estimar_custo_opus_calcula_valor_conhecido" time="0.000" /><testcase classname="tests.test_tese_engine" name="test_estimar_custo_inclui_cache_read_e_write" time="0.001" /><testcase classname="tests.test_tese_engine" name="test_estimar_custo_arredonda_para_seis_casas" time="0.000" /><testcase classname="tests.test_tese_engine" name="test_estimar_custo_soma_web_search_requests_do_consenso" time="0.000" /><testcase classname="tests.test_tese_engine" name="test_estimar_custo_web_search_requests_sem_tabela_de_preco_ainda_soma" time="0.000" /><testcase classname="tests.test_tese_engine" name="test_usage_dict_expoe_web_search_requests_e_soma_no_custo" time="0.001" /><testcase classname="tests.test_tese_engine" name="test_usage_dict_sem_consenso_web_search_requests_fica_none" time="0.001" /><testcase classname="tests.test_tese_engine" name="test_build_documents_vazio_retorna_listas_vazias" time="0.001" /><testcase classname="tests.test_tese_engine" name="test_build_documents_marca_tipo_document_e_citations" time="0.001" /><testcase classname="tests.test_tese_engine" name="test_build_documents_carrega_texto_na_source" time="0.001" /><testcase classname="tests.test_tese_engine" name="test_build_documents_apenas_ultimo_tem_cache_control" time="0.001" /><testcase classname="tests.test_tese_engine" name="test_build_documents_index_to_fonte_mapeia_posicoes" time="0.001" /><testcase classname="tests.test_tese_engine" name="test_build_documents_titulo_vem_da_descricao_truncada" time="0.001" /><testcase classname="tests.test_tese_engine" name="test_build_documents_context_inclui_url_e_dt_referencia" time="0.001" /><testcase classname="tests.test_tesouro" name="test_parse_decimal_virgula_e_data_br" time="0.001" /><testcase classname="tests.test_tesouro" name="test_parse_data_vencimento_dd_mm_aaaa" time="0.001" /><testcase classname="tests.test_tesouro" name="test_parse_descarta_linha_sem_data_valida" time="0.001" /><testcase classname="tests.test_tesouro" name="test_parse_filtra_por_tipo_quando_pedido" time="0.001" /><testcase classname="tests.test_tesouro" name="test_mapa_familia_tipo_completo" time="0.001" /><testcase classname="tests.test_tesouro" name="test_resolver_um_vencimento_com_n_data_bases_resolve" time="0.001" /><testcase classname="tests.test_tesouro" name="test_resolver_ipca_nao_casa_ipca_com_juros" time="0.001" /><testcase classname="tests.test_tesouro" name="test_resolver_sem_vencimento_no_ano_abstem" time="0.001" /><testcase classname="tests.test_tesouro" name="test_resolver_familia_desconhecida_abstem" time="0.001" /><testcase classname="tests.test_tesouro" name="test_resolver_dois_vencimentos_distintos_no_ano_abstem" time="0.001" /><testcase classname="tests.test_tesouro" name="test_escolher_atual_usa_max_data_base_nao_ultima_linha" time="0.001" /><testcase classname="tests.test_tesouro" name="test_escolher_atual_staleness_31_dias_abstem_com_none" time="0.001" /><testcase classname="tests.test_tesouro" name="test_escolher_atual_exatamente_30_dias_ainda_serve" time="0.001" /><testcase classname="tests.test_tesouro" name="test_escolher_atual_zero_e_nao_ofertado_vira_ausencia" time="0.001" /><testcase classname="tests.test_tesouro" name="test_parse_da_serie_mantem_zero_cru" time="0.001" /><testcase classname="tests.test_tesouro" name="test_selecionar_janela_diaria_mensal_e_corte_de_5_anos" time="0.000" /><testcase classname="tests.test_tesouro" name="test_recuar_meses_cruza_ano_e_clampa_dia" time="0.001" /><testcase classname="tests.test_tesouro" name="test_ingest_persiste_so_o_titulo_resolvido_com_fonte_stn" time="0.004" /><testcase classname="tests.test_tesouro" name="test_ingest_e_idempotente_no_refresh" time="0.007" /><testcase classname="tests.test_tesouro" name="test_ingest_aplica_janela_diaria_e_amostra_mensal" time="0.004" /><testcase classname="tests.test_tesouro" name="test_ingest_dois_vencimentos_no_ano_abstem_sem_persistir" time="0.002" /><testcase classname="tests.test_tesouro" name="test_titulo_atual_max_data_base_e_floats" time="0.001" /><testcase classname="tests.test_tesouro" name="test_titulo_atual_stale_devolve_none" time="0.001" /><testcase classname="tests.test_tesouro" name="test_titulo_atual_sem_linhas_abstem" time="0.001" /><testcase classname="tests.test_tesouro" name="test_url_csv_oficial_e_host_allowlisted" time="0.000" /><testcase classname="tests.test_tesouro" name="test_ingest_usa_teto_de_bytes_de_50mb" time="0.001" /><testcase classname="tests.test_tesouro" name="test_download_acima_do_teto_aborta" time="0.001" /><testcase classname="tests.test_valuation" name="test_gordon_golden_tres_cenarios" time="0.001" /><testcase classname="tests.test_valuation" name="test_gordon_faixa_entre_cenarios_nunca_ponto_unico" time="0.001" /><testcase classname="tests.test_valuation" name="test_gordon_cenario_carrega_todas_as_premissas_rotuladas" time="0.001" /><testcase classname="tests.test_valuation" name="test_gordon_sensibilidade_ke_g_mais_menos_1pp" time="0.001" /><testcase classname="tests.test_valuation" name="test_gordon_dividendo_derivado_de_total_e_num_acoes" time="0.001" /><testcase classname="tests.test_valuation" name="test_gordon_omitido_sem_dividendos_com_motivo_declarado" time="0.000" /><testcase classname="tests.test_valuation" name="test_gordon_omitido_sem_selic_motivo_dado_nao_encontrado" time="0.001" /><testcase classname="tests.test_valuation" name="test_gordon_cenario_omitido_quando_ke_menor_igual_g" time="0.001" /><testcase classname="tests.test_valuation" name="test_modelo_omitido_com_menos_de_dois_cenarios" time="0.001" /><testcase classname="tests.test_valuation" name="test_beta_ausente_vira_1_com_rotulo_neutro_e_presente_vira_aproximado" time="0.001" /><testcase classname="tests.test_valuation" name="test_banco_pvp_justificado_golden" time="0.001" /><testcase classname="tests.test_valuation" name="test_banco_cenario_omitido_quando_roe_menor_igual_g" time="0.001" /><testcase classname="tests.test_valuation" name="test_banco_nunca_usa_ev_ebitda_e_declara_exclusao" time="0.001" /><testcase classname="tests.test_valuation" name="test_multiplos_pl_golden_faixa_min_max" time="0.001" /><testcase classname="tests.test_valuation" name="test_multiplos_omitidos_com_menos_de_dois_pares" time="0.001" /><testcase classname="tests.test_valuation" name="test_multiplos_pl_omitido_com_lucro_negativo" time="0.001" /><testcase classname="tests.test_valuation" name="test_energia_rap_entra_como_contexto_com_fonte" time="0.001" /><testcase classname="tests.test_valuation" name="test_energia_sem_rap_declara_abstencao_no_contexto" time="0.001" /><testcase classname="tests.test_valuation" name="test_setor_nao_energia_nao_tem_contexto_rap" time="0.001" /><testcase classname="tests.test_valuation" name="test_fii_leitura_de_mercado_golden" time="0.001" /><testcase classname="tests.test_valuation" name="test_fii_usa_cdi_quando_disponivel" time="0.001" /><testcase classname="tests.test_valuation" name="test_fii_componentes_faltantes_viram_omissoes_declaradas" time="0.001" /><testcase classname="tests.test_valuation" name="test_renda_fixa_retorna_none_f3_usa_caminho_existente" time="0.001" /><testcase classname="tests.test_valuation" name="test_classe_desconhecida_retorna_none" time="0.000" /><testcase classname="tests.test_valuation" name="test_classe_none_e_tratada_como_acao_legado" time="0.001" /><testcase classname="tests.test_valuation" name="test_insumos_vazios_degradam_para_abstencao_rotulada_sem_excecao" time="0.001" /><testcase classname="tests.test_valuation" name="test_taxa_em_escala_percentual_e_erro_de_contrato" time="0.001" /><testcase classname="tests.test_valuation" name="test_aviso_fixo_exato_do_contrato" time="0.001" /><testcase classname="tests.test_valuation" name="test_envelope_e_json_serializavel_com_datas_iso" time="0.001" /><testcase classname="tests.test_valuation" name="test_templates_nao_contem_linguagem_diretiva_em_nenhuma_classe" time="0.006" /><testcase classname="tests.test_valuation" name="test_nenhum_modelo_computado_expoe_ponto_unico" time="0.001" /><testcase classname="tests.test_warm_cache" name="test_cache_hit_pula_a_geracao_e_conta_como_pronta" time="0.001" /><testcase classname="tests.test_warm_cache" name="test_geracao_ready_soma_custo" time="0.001" /><testcase classname="tests.test_warm_cache" name="test_ticker_quebrado_nao_derruba_o_lote" time="0.001" /><testcase classname="tests.test_warm_cache" name="test_geracao_nao_ready_entra_em_falhas" time="0.001" /><testcase classname="tests.test_warm_cache" name="test_sem_database_url_levanta_erro" time="0.001" /><testcase classname="tests.test_warm_cache" name="test_force_ignora_cache_hit_e_regenera" time="0.001" /><testcase classname="tests.test_warm_cache" name="test_sem_force_cache_hit_continua_pulando" time="0.001" /><testcase classname="tests.test_warm_cache" name="test_parse_args_aceita_codigos_multiclasse_sem_validar_ibov" time="0.001" /><testcase classname="tests.test_warm_cache" name="test_parse_args_default_sem_force_e_sem_codigos" time="0.001" /><testcase classname="tests.test_warm_cache" name="test_lote_default_e_ibov_top_mais_exemplos_multiativo" time="0.000" /><testcase classname="tests.test_warm_cache" name="test_main_repassa_force_para_o_nucleo" time="0.001" /></testsuite></testsuites>